{"/home/travis/build/npmtest/node-npmtest-config/test.js":{"path":"/home/travis/build/npmtest/node-npmtest-config/test.js","s":{"1":2,"2":2,"3":2,"4":2,"5":2,"6":2,"7":2,"8":1,"9":2,"10":2,"11":1,"12":1,"13":1,"14":1,"15":2,"16":2,"17":2,"18":2,"19":1,"20":1,"21":2,"22":2,"23":2,"24":1,"25":1,"26":1,"27":1,"28":1,"29":1,"30":1,"31":1,"32":1,"33":1,"34":1,"35":1,"36":1,"37":2,"38":2,"39":1,"40":2,"41":2,"42":1,"43":2,"44":2,"45":1,"46":2,"47":2,"48":1,"49":1,"50":1,"51":1,"52":1},"b":{"1":[2,1,1,1],"2":[1,1,1,1],"3":[1,1],"4":[1,1],"5":[1,1],"6":[1,1],"7":[1,1],"8":[1,1],"9":[1,1,1],"10":[1,1],"11":[1,1],"12":[1,1],"13":[1,1],"14":[1,1],"15":[1,1],"16":[1,1]},"f":{"1":2,"2":2,"3":2,"4":2,"5":2,"6":1,"7":1,"8":2,"9":2,"10":2,"11":2,"12":1},"fnMap":{"1":{"name":"(anonymous_1)","line":12,"loc":{"start":{"line":12,"column":1},"end":{"line":12,"column":13}}},"2":{"name":"(anonymous_2)","line":19,"loc":{"start":{"line":19,"column":5},"end":{"line":19,"column":17}}},"3":{"name":"(anonymous_3)","line":23,"loc":{"start":{"line":23,"column":24},"end":{"line":23,"column":36}}},"4":{"name":"(anonymous_4)","line":61,"loc":{"start":{"line":61,"column":5},"end":{"line":61,"column":17}}},"5":{"name":"(anonymous_5)","line":82,"loc":{"start":{"line":82,"column":5},"end":{"line":82,"column":17}}},"6":{"name":"(anonymous_6)","line":102,"loc":{"start":{"line":102,"column":83},"end":{"line":105,"column":10}},"skip":true},"7":{"name":"(anonymous_7)","line":113,"loc":{"start":{"line":113,"column":77},"end":{"line":116,"column":10}},"skip":true},"8":{"name":"(anonymous_8)","line":129,"loc":{"start":{"line":129,"column":12},"end":{"line":129,"column":40}},"skip":true},"9":{"name":"(anonymous_9)","line":137,"loc":{"start":{"line":137,"column":77},"end":{"line":140,"column":10}},"skip":true},"10":{"name":"(anonymous_10)","line":148,"loc":{"start":{"line":148,"column":83},"end":{"line":151,"column":10}},"skip":true},"11":{"name":"(anonymous_11)","line":159,"loc":{"start":{"line":159,"column":79},"end":{"line":162,"column":10}},"skip":true},"12":{"name":"(anonymous_12)","line":170,"loc":{"start":{"line":170,"column":75},"end":{"line":173,"column":10}},"skip":true}},"statementMap":{"1":{"start":{"line":12,"column":0},"end":{"line":185,"column":5}},"2":{"start":{"line":14,"column":4},"end":{"line":14,"column":14}},"3":{"start":{"line":19,"column":4},"end":{"line":56,"column":9}},"4":{"start":{"line":21,"column":8},"end":{"line":21,"column":19}},"5":{"start":{"line":23,"column":8},"end":{"line":35,"column":13}},"6":{"start":{"line":24,"column":12},"end":{"line":34,"column":13}},"7":{"start":{"line":25,"column":16},"end":{"line":28,"column":30}},"8":{"start":{"line":30,"column":16},"end":{"line":33,"column":27}},"9":{"start":{"line":37,"column":8},"end":{"line":39,"column":21}},"10":{"start":{"line":40,"column":8},"end":{"line":53,"column":9}},"11":{"start":{"line":43,"column":12},"end":{"line":46,"column":14}},"12":{"start":{"line":47,"column":12},"end":{"line":47,"column":18}},"13":{"start":{"line":50,"column":12},"end":{"line":51,"column":46}},"14":{"start":{"line":52,"column":12},"end":{"line":52,"column":18}},"15":{"start":{"line":55,"column":8},"end":{"line":55,"column":35}},"16":{"start":{"line":61,"column":4},"end":{"line":63,"column":9}},"17":{"start":{"line":62,"column":8},"end":{"line":62,"column":15}},"18":{"start":{"line":64,"column":4},"end":{"line":77,"column":5}},"19":{"start":{"line":70,"column":8},"end":{"line":70,"column":14}},"20":{"start":{"line":76,"column":8},"end":{"line":76,"column":14}},"21":{"start":{"line":82,"column":4},"end":{"line":84,"column":9}},"22":{"start":{"line":83,"column":8},"end":{"line":83,"column":15}},"23":{"start":{"line":85,"column":4},"end":{"line":184,"column":5}},"24":{"start":{"line":92,"column":8},"end":{"line":94,"column":63}},"25":{"start":{"line":95,"column":8},"end":{"line":95,"column":14}},"26":{"start":{"line":102,"column":8},"end":{"line":111,"column":10},"skip":true},"27":{"start":{"line":109,"column":12},"end":{"line":109,"column":55},"skip":true},"28":{"start":{"line":110,"column":12},"end":{"line":110,"column":48},"skip":true},"29":{"start":{"line":113,"column":8},"end":{"line":126,"column":10},"skip":true},"30":{"start":{"line":120,"column":12},"end":{"line":120,"column":76},"skip":true},"31":{"start":{"line":121,"column":12},"end":{"line":121,"column":73},"skip":true},"32":{"start":{"line":122,"column":12},"end":{"line":122,"column":74},"skip":true},"33":{"start":{"line":123,"column":12},"end":{"line":123,"column":79},"skip":true},"34":{"start":{"line":124,"column":12},"end":{"line":124,"column":25},"skip":true},"35":{"start":{"line":125,"column":12},"end":{"line":125,"column":45},"skip":true},"36":{"start":{"line":128,"column":8},"end":{"line":135,"column":14},"skip":true},"37":{"start":{"line":133,"column":16},"end":{"line":133,"column":29},"skip":true},"38":{"start":{"line":134,"column":16},"end":{"line":134,"column":55},"skip":true},"39":{"start":{"line":137,"column":8},"end":{"line":146,"column":10},"skip":true},"40":{"start":{"line":144,"column":12},"end":{"line":144,"column":25},"skip":true},"41":{"start":{"line":145,"column":12},"end":{"line":145,"column":45},"skip":true},"42":{"start":{"line":148,"column":8},"end":{"line":157,"column":10},"skip":true},"43":{"start":{"line":155,"column":12},"end":{"line":155,"column":25},"skip":true},"44":{"start":{"line":156,"column":12},"end":{"line":156,"column":48},"skip":true},"45":{"start":{"line":159,"column":8},"end":{"line":168,"column":10},"skip":true},"46":{"start":{"line":166,"column":12},"end":{"line":166,"column":25},"skip":true},"47":{"start":{"line":167,"column":12},"end":{"line":167,"column":46},"skip":true},"48":{"start":{"line":170,"column":8},"end":{"line":179,"column":10},"skip":true},"49":{"start":{"line":177,"column":12},"end":{"line":177,"column":94},"skip":true},"50":{"start":{"line":178,"column":12},"end":{"line":178,"column":48},"skip":true},"51":{"start":{"line":182,"column":8},"end":{"line":182,"column":35},"skip":true},"52":{"start":{"line":183,"column":8},"end":{"line":183,"column":14},"skip":true}},"branchMap":{"1":{"line":25,"type":"binary-expr","locations":[{"start":{"line":25,"column":23},"end":{"line":25,"column":62}},{"start":{"line":26,"column":20},"end":{"line":26,"column":70}},{"start":{"line":27,"column":20},"end":{"line":27,"column":71}},{"start":{"line":28,"column":20},"end":{"line":28,"column":29}}]},"2":{"line":30,"type":"binary-expr","locations":[{"start":{"line":30,"column":23},"end":{"line":30,"column":37}},{"start":{"line":31,"column":20},"end":{"line":31,"column":61}},{"start":{"line":32,"column":20},"end":{"line":32,"column":70}},{"start":{"line":33,"column":20},"end":{"line":33,"column":26}}]},"3":{"line":37,"type":"cond-expr","locations":[{"start":{"line":38,"column":14},"end":{"line":38,"column":20}},{"start":{"line":39,"column":14},"end":{"line":39,"column":20}}]},"4":{"line":40,"type":"switch","locations":[{"start":{"line":42,"column":8},"end":{"line":47,"column":18}},{"start":{"line":49,"column":8},"end":{"line":52,"column":18}}]},"5":{"line":44,"type":"binary-expr","locations":[{"start":{"line":44,"column":16},"end":{"line":44,"column":44}},{"start":{"line":44,"column":48},"end":{"line":44,"column":66}}]},"6":{"line":50,"type":"binary-expr","locations":[{"start":{"line":50,"column":21},"end":{"line":50,"column":49}},{"start":{"line":50,"column":53},"end":{"line":50,"column":72}}]},"7":{"line":64,"type":"switch","locations":[{"start":{"line":69,"column":4},"end":{"line":70,"column":14}},{"start":{"line":75,"column":4},"end":{"line":76,"column":14}}]},"8":{"line":85,"type":"switch","locations":[{"start":{"line":90,"column":4},"end":{"line":95,"column":14}},{"start":{"line":101,"column":4},"end":{"line":183,"column":14},"skip":true}]},"9":{"line":92,"type":"binary-expr","locations":[{"start":{"line":92,"column":18},"end":{"line":92,"column":32}},{"start":{"line":93,"column":12},"end":{"line":93,"column":53}},{"start":{"line":94,"column":12},"end":{"line":94,"column":61}}]},"10":{"line":102,"type":"binary-expr","locations":[{"start":{"line":102,"column":45},"end":{"line":102,"column":79},"skip":true},{"start":{"line":102,"column":83},"end":{"line":111,"column":9},"skip":true}]},"11":{"line":113,"type":"binary-expr","locations":[{"start":{"line":113,"column":42},"end":{"line":113,"column":73},"skip":true},{"start":{"line":113,"column":77},"end":{"line":126,"column":9},"skip":true}]},"12":{"line":128,"type":"binary-expr","locations":[{"start":{"line":128,"column":48},"end":{"line":128,"column":85},"skip":true},{"start":{"line":129,"column":12},"end":{"line":135,"column":13},"skip":true}]},"13":{"line":137,"type":"binary-expr","locations":[{"start":{"line":137,"column":42},"end":{"line":137,"column":73},"skip":true},{"start":{"line":137,"column":77},"end":{"line":146,"column":9},"skip":true}]},"14":{"line":148,"type":"binary-expr","locations":[{"start":{"line":148,"column":45},"end":{"line":148,"column":79},"skip":true},{"start":{"line":148,"column":83},"end":{"line":157,"column":9},"skip":true}]},"15":{"line":159,"type":"binary-expr","locations":[{"start":{"line":159,"column":43},"end":{"line":159,"column":75},"skip":true},{"start":{"line":159,"column":79},"end":{"line":168,"column":9},"skip":true}]},"16":{"line":170,"type":"binary-expr","locations":[{"start":{"line":170,"column":41},"end":{"line":170,"column":71},"skip":true},{"start":{"line":170,"column":75},"end":{"line":179,"column":9},"skip":true}]}},"code":["/* istanbul instrument in package npmtest_config */","/*jslint","    bitwise: true,","    browser: true,","    maxerr: 8,","    maxlen: 96,","    node: true,","    nomen: true,","    regexp: true,","    stupid: true","*/","(function () {","    'use strict';","    var local;","","","","    // run shared js-env code - pre-init","    (function () {","        // init local","        local = {};","        // init modeJs","        local.modeJs = (function () {","            try {","                return typeof navigator.userAgent === 'string' &&","                    typeof document.querySelector('body') === 'object' &&","                    typeof XMLHttpRequest.prototype.open === 'function' &&","                    'browser';","            } catch (errorCaughtBrowser) {","                return module.exports &&","                    typeof process.versions.node === 'string' &&","                    typeof require('http').createServer === 'function' &&","                    'node';","            }","        }());","        // init global","        local.global = local.modeJs === 'browser'","            ? window","            : global;","        switch (local.modeJs) {","        // re-init local from window.local","        case 'browser':","            local = local.global.utility2.objectSetDefault(","                local.global.utility2_rollup || local.global.local,","                local.global.utility2","            );","            break;","        // re-init local from example.js","        case 'node':","            local = (local.global.utility2_rollup || require('utility2'))","                .requireExampleJsFromReadme();","            break;","        }","        // export local","        local.global.local = local;","    }());","","","","    // run shared js-env code - function","    (function () {","        return;","    }());","    switch (local.modeJs) {","","","","    // run browser js-env code - function","    case 'browser':","        break;","","","","    // run node js-env code - function","    case 'node':","        break;","    }","","","","    // run shared js-env code - post-init","    (function () {","        return;","    }());","    switch (local.modeJs) {","","","","    // run browser js-env code - post-init","    case 'browser':","        // run tests","        local.nop(local.modeTest &&","            document.querySelector('#testRunButton1') &&","            document.querySelector('#testRunButton1').click());","        break;","","","","    // run node js-env code - post-init","    /* istanbul ignore next */","    case 'node':","        local.testCase_buildApidoc_default = local.testCase_buildApidoc_default || function (","            options,","            onError","        ) {","        /*","         * this function will test buildApidoc's default handling-behavior-behavior","         */","            options = { modulePathList: module.paths };","            local.buildApidoc(options, onError);","        };","","        local.testCase_buildApp_default = local.testCase_buildApp_default || function (","            options,","            onError","        ) {","        /*","         * this function will test buildApp's default handling-behavior-behavior","         */","            local.testCase_buildReadme_default(options, local.onErrorThrow);","            local.testCase_buildLib_default(options, local.onErrorThrow);","            local.testCase_buildTest_default(options, local.onErrorThrow);","            local.testCase_buildCustomOrg_default(options, local.onErrorThrow);","            options = [];","            local.buildApp(options, onError);","        };","","        local.testCase_buildCustomOrg_default = local.testCase_buildCustomOrg_default ||","            function (options, onError) {","            /*","             * this function will test buildCustomOrg's default handling-behavior","             */","                options = {};","                local.buildCustomOrg(options, onError);","            };","","        local.testCase_buildLib_default = local.testCase_buildLib_default || function (","            options,","            onError","        ) {","        /*","         * this function will test buildLib's default handling-behavior","         */","            options = {};","            local.buildLib(options, onError);","        };","","        local.testCase_buildReadme_default = local.testCase_buildReadme_default || function (","            options,","            onError","        ) {","        /*","         * this function will test buildReadme's default handling-behavior-behavior","         */","            options = {};","            local.buildReadme(options, onError);","        };","","        local.testCase_buildTest_default = local.testCase_buildTest_default || function (","            options,","            onError","        ) {","        /*","         * this function will test buildTest's default handling-behavior","         */","            options = {};","            local.buildTest(options, onError);","        };","","        local.testCase_webpage_default = local.testCase_webpage_default || function (","            options,","            onError","        ) {","        /*","         * this function will test webpage's default handling-behavior","         */","            options = { modeCoverageMerge: true, url: local.serverLocalHost + '?modeTest=1' };","            local.browserTest(options, onError);","        };","","        // run test-server","        local.testRunServer(local);","        break;","    }","}());",""],"l":{"12":2,"14":2,"19":2,"21":2,"23":2,"24":2,"25":2,"30":1,"37":2,"40":2,"43":1,"47":1,"50":1,"52":1,"55":2,"61":2,"62":2,"64":2,"70":1,"76":1,"82":2,"83":2,"85":2,"92":1,"95":1,"102":1,"109":1,"110":1,"113":1,"120":1,"121":1,"122":1,"123":1,"124":1,"125":1,"128":1,"133":2,"134":2,"137":1,"144":2,"145":2,"148":1,"155":2,"156":2,"159":1,"166":2,"167":2,"170":1,"177":1,"178":1,"182":1,"183":1}},"/home/travis/build/npmtest/node-npmtest-config/lib.npmtest_config.js":{"path":"/home/travis/build/npmtest/node-npmtest-config/lib.npmtest_config.js","s":{"1":2,"2":2,"3":2,"4":2,"5":2,"6":2,"7":2,"8":1,"9":2,"10":2,"11":2,"12":2,"13":1,"14":1,"15":1,"16":1},"b":{"1":[2,1,1,1],"2":[1,1,1,1],"3":[1,1],"4":[2,2],"5":[1,1]},"f":{"1":2,"2":2,"3":2},"fnMap":{"1":{"name":"(anonymous_1)","line":12,"loc":{"start":{"line":12,"column":1},"end":{"line":12,"column":13}}},"2":{"name":"(anonymous_2)","line":19,"loc":{"start":{"line":19,"column":5},"end":{"line":19,"column":17}}},"3":{"name":"(anonymous_3)","line":23,"loc":{"start":{"line":23,"column":24},"end":{"line":23,"column":36}}}},"statementMap":{"1":{"start":{"line":12,"column":0},"end":{"line":53,"column":5}},"2":{"start":{"line":14,"column":4},"end":{"line":14,"column":14}},"3":{"start":{"line":19,"column":4},"end":{"line":52,"column":9}},"4":{"start":{"line":21,"column":8},"end":{"line":21,"column":19}},"5":{"start":{"line":23,"column":8},"end":{"line":35,"column":13}},"6":{"start":{"line":24,"column":12},"end":{"line":34,"column":13}},"7":{"start":{"line":25,"column":16},"end":{"line":28,"column":30}},"8":{"start":{"line":30,"column":16},"end":{"line":33,"column":27}},"9":{"start":{"line":37,"column":8},"end":{"line":39,"column":21}},"10":{"start":{"line":41,"column":8},"end":{"line":41,"column":54}},"11":{"start":{"line":43,"column":8},"end":{"line":43,"column":51}},"12":{"start":{"line":45,"column":8},"end":{"line":51,"column":9}},"13":{"start":{"line":46,"column":12},"end":{"line":46,"column":57}},"14":{"start":{"line":48,"column":12},"end":{"line":48,"column":35}},"15":{"start":{"line":49,"column":12},"end":{"line":49,"column":49}},"16":{"start":{"line":50,"column":12},"end":{"line":50,"column":43}}},"branchMap":{"1":{"line":25,"type":"binary-expr","locations":[{"start":{"line":25,"column":23},"end":{"line":25,"column":62}},{"start":{"line":26,"column":20},"end":{"line":26,"column":70}},{"start":{"line":27,"column":20},"end":{"line":27,"column":71}},{"start":{"line":28,"column":20},"end":{"line":28,"column":29}}]},"2":{"line":30,"type":"binary-expr","locations":[{"start":{"line":30,"column":23},"end":{"line":30,"column":37}},{"start":{"line":31,"column":20},"end":{"line":31,"column":61}},{"start":{"line":32,"column":20},"end":{"line":32,"column":70}},{"start":{"line":33,"column":20},"end":{"line":33,"column":26}}]},"3":{"line":37,"type":"cond-expr","locations":[{"start":{"line":38,"column":14},"end":{"line":38,"column":20}},{"start":{"line":39,"column":14},"end":{"line":39,"column":20}}]},"4":{"line":41,"type":"binary-expr","locations":[{"start":{"line":41,"column":16},"end":{"line":41,"column":44}},{"start":{"line":41,"column":48},"end":{"line":41,"column":53}}]},"5":{"line":45,"type":"if","locations":[{"start":{"line":45,"column":8},"end":{"line":45,"column":8}},{"start":{"line":45,"column":8},"end":{"line":45,"column":8}}]}},"code":["/* istanbul instrument in package npmtest_config */","/*jslint","    bitwise: true,","    browser: true,","    maxerr: 8,","    maxlen: 96,","    node: true,","    nomen: true,","    regexp: true,","    stupid: true","*/","(function () {","    'use strict';","    var local;","","","","    // run shared js-env code - pre-init","    (function () {","        // init local","        local = {};","        // init modeJs","        local.modeJs = (function () {","            try {","                return typeof navigator.userAgent === 'string' &&","                    typeof document.querySelector('body') === 'object' &&","                    typeof XMLHttpRequest.prototype.open === 'function' &&","                    'browser';","            } catch (errorCaughtBrowser) {","                return module.exports &&","                    typeof process.versions.node === 'string' &&","                    typeof require('http').createServer === 'function' &&","                    'node';","            }","        }());","        // init global","        local.global = local.modeJs === 'browser'","            ? window","            : global;","        // init utility2_rollup","        local = local.global.utility2_rollup || local;","        // init lib","        local.local = local.npmtest_config = local;","        // init exports","        if (local.modeJs === 'browser') {","            local.global.utility2_npmtest_config = local;","        } else {","            module.exports = local;","            module.exports.__dirname = __dirname;","            module.exports.module = module;","        }","    }());","}());",""],"l":{"12":2,"14":2,"19":2,"21":2,"23":2,"24":2,"25":2,"30":1,"37":2,"41":2,"43":2,"45":2,"46":1,"48":1,"49":1,"50":1}},"/home/travis/build/npmtest/node-npmtest-config/example.js":{"path":"/home/travis/build/npmtest/node-npmtest-config/example.js","s":{"1":2,"2":2,"3":2,"4":2,"5":2,"6":2,"7":2,"8":1,"9":2,"10":2,"11":2,"12":2,"13":1,"14":2,"15":2,"16":2,"17":2,"18":2,"19":0,"20":2,"21":1,"22":1,"23":1,"24":1,"25":1,"26":0,"27":0,"28":1,"29":1,"30":2,"31":0,"32":0,"33":0,"34":1,"35":2,"36":2,"37":2,"38":2,"39":2,"40":2,"41":0,"42":2,"43":2,"44":2,"45":1,"46":3,"47":1,"48":1,"49":1,"50":1,"51":1,"52":1,"53":1,"54":1,"55":1,"56":1,"57":0,"58":1,"59":6,"60":6,"61":1,"62":2,"63":0,"64":2,"65":1,"66":1,"67":0,"68":0,"69":0,"70":0,"71":0,"72":0,"73":0,"74":0,"75":0,"76":0,"77":0,"78":0,"79":0,"80":0,"81":0,"82":0,"83":0},"b":{"1":[2,1,1,1],"2":[1,1,1,1],"3":[1,1],"4":[2,2],"5":[1,1],"6":[1,1],"7":[2,0],"8":[2,1,1,1,1,1],"9":[0,2,0],"10":[1,1],"11":[2,1,1],"12":[1,0],"13":[0,2],"14":[2,0,0,0,0,0,0],"15":[0,2],"16":[2,0],"17":[1,1],"18":[0,1],"19":[1,2,0,2],"20":[1,0],"21":[1,1],"22":[0,0],"23":[0,0],"24":[0,0],"25":[0,0],"26":[0,0],"27":[0,0],"28":[0,0]},"f":{"1":2,"2":2,"3":2,"4":2,"5":2,"6":2,"7":2,"8":2,"9":3,"10":1,"11":6,"12":0},"fnMap":{"1":{"name":"(anonymous_1)","line":26,"loc":{"start":{"line":26,"column":1},"end":{"line":26,"column":13}}},"2":{"name":"(anonymous_2)","line":33,"loc":{"start":{"line":33,"column":5},"end":{"line":33,"column":17}}},"3":{"name":"(anonymous_3)","line":37,"loc":{"start":{"line":37,"column":24},"end":{"line":37,"column":36}}},"4":{"name":"(anonymous_4)","line":69,"loc":{"start":{"line":69,"column":31},"end":{"line":69,"column":48}},"skip":true},"5":{"name":"(anonymous_5)","line":78,"loc":{"start":{"line":78,"column":26},"end":{"line":78,"column":45}},"skip":true},"6":{"name":"(anonymous_6)","line":123,"loc":{"start":{"line":123,"column":33},"end":{"line":123,"column":48}},"skip":true},"7":{"name":"(anonymous_7)","line":125,"loc":{"start":{"line":125,"column":27},"end":{"line":125,"column":39}},"skip":true},"8":{"name":"(anonymous_8)","line":133,"loc":{"start":{"line":133,"column":59},"end":{"line":133,"column":74}},"skip":true},"9":{"name":"(anonymous_9)","line":143,"loc":{"start":{"line":143,"column":45},"end":{"line":143,"column":62}},"skip":true},"10":{"name":"(anonymous_10)","line":144,"loc":{"start":{"line":144,"column":73},"end":{"line":144,"column":92}},"skip":true},"11":{"name":"(anonymous_11)","line":272,"loc":{"start":{"line":272,"column":51},"end":{"line":272,"column":77}},"skip":true},"12":{"name":"(anonymous_12)","line":314,"loc":{"start":{"line":314,"column":32},"end":{"line":314,"column":61}},"skip":true}},"statementMap":{"1":{"start":{"line":26,"column":0},"end":{"line":325,"column":5}},"2":{"start":{"line":28,"column":4},"end":{"line":28,"column":14}},"3":{"start":{"line":33,"column":4},"end":{"line":60,"column":9}},"4":{"start":{"line":35,"column":8},"end":{"line":35,"column":19}},"5":{"start":{"line":37,"column":8},"end":{"line":49,"column":13}},"6":{"start":{"line":38,"column":12},"end":{"line":48,"column":13}},"7":{"start":{"line":39,"column":16},"end":{"line":42,"column":30}},"8":{"start":{"line":44,"column":16},"end":{"line":47,"column":27}},"9":{"start":{"line":51,"column":8},"end":{"line":53,"column":21}},"10":{"start":{"line":55,"column":8},"end":{"line":57,"column":45}},"11":{"start":{"line":59,"column":8},"end":{"line":59,"column":35}},"12":{"start":{"line":61,"column":4},"end":{"line":324,"column":5}},"13":{"start":{"line":69,"column":8},"end":{"line":121,"column":10},"skip":true},"14":{"start":{"line":70,"column":12},"end":{"line":88,"column":13},"skip":true},"15":{"start":{"line":76,"column":16},"end":{"line":87,"column":19},"skip":true},"16":{"start":{"line":79,"column":20},"end":{"line":86,"column":21},"skip":true},"17":{"start":{"line":82,"column":24},"end":{"line":82,"column":43},"skip":true},"18":{"start":{"line":83,"column":24},"end":{"line":83,"column":30},"skip":true},"19":{"start":{"line":85,"column":24},"end":{"line":85,"column":49},"skip":true},"20":{"start":{"line":89,"column":12},"end":{"line":107,"column":13},"skip":true},"21":{"start":{"line":92,"column":16},"end":{"line":102,"column":17},"skip":true},"22":{"start":{"line":93,"column":20},"end":{"line":93,"column":86},"skip":true},"23":{"start":{"line":94,"column":20},"end":{"line":95,"column":45},"skip":true},"24":{"start":{"line":96,"column":20},"end":{"line":96,"column":42},"skip":true},"25":{"start":{"line":97,"column":20},"end":{"line":97,"column":48},"skip":true},"26":{"start":{"line":100,"column":20},"end":{"line":100,"column":85},"skip":true},"27":{"start":{"line":101,"column":20},"end":{"line":101,"column":96},"skip":true},"28":{"start":{"line":103,"column":16},"end":{"line":103,"column":22},"skip":true},"29":{"start":{"line":106,"column":16},"end":{"line":106,"column":22},"skip":true},"30":{"start":{"line":108,"column":12},"end":{"line":120,"column":13},"skip":true},"31":{"start":{"line":114,"column":16},"end":{"line":119,"column":17},"skip":true},"32":{"start":{"line":116,"column":20},"end":{"line":116,"column":78},"skip":true},"33":{"start":{"line":118,"column":20},"end":{"line":118,"column":47},"skip":true},"34":{"start":{"line":123,"column":8},"end":{"line":141,"column":11},"skip":true},"35":{"start":{"line":124,"column":12},"end":{"line":124,"column":54},"skip":true},"36":{"start":{"line":125,"column":12},"end":{"line":140,"column":14},"skip":true},"37":{"start":{"line":126,"column":16},"end":{"line":126,"column":28},"skip":true},"38":{"start":{"line":127,"column":16},"end":{"line":127,"column":69},"skip":true},"39":{"start":{"line":128,"column":16},"end":{"line":128,"column":75},"skip":true},"40":{"start":{"line":129,"column":16},"end":{"line":131,"column":17},"skip":true},"41":{"start":{"line":130,"column":20},"end":{"line":130,"column":27},"skip":true},"42":{"start":{"line":133,"column":16},"end":{"line":137,"column":36},"skip":true},"43":{"start":{"line":134,"column":20},"end":{"line":136,"column":55},"skip":true},"44":{"start":{"line":139,"column":16},"end":{"line":139,"column":57},"skip":true},"45":{"start":{"line":143,"column":8},"end":{"line":147,"column":11},"skip":true},"46":{"start":{"line":144,"column":12},"end":{"line":146,"column":15},"skip":true},"47":{"start":{"line":145,"column":16},"end":{"line":145,"column":70},"skip":true},"48":{"start":{"line":149,"column":8},"end":{"line":149,"column":31},"skip":true},"49":{"start":{"line":150,"column":8},"end":{"line":150,"column":14},"skip":true},"50":{"start":{"line":158,"column":8},"end":{"line":158,"column":31},"skip":true},"51":{"start":{"line":160,"column":8},"end":{"line":160,"column":33},"skip":true},"52":{"start":{"line":161,"column":8},"end":{"line":161,"column":37},"skip":true},"53":{"start":{"line":162,"column":8},"end":{"line":162,"column":35},"skip":true},"54":{"start":{"line":164,"column":8},"end":{"line":164,"column":50},"skip":true},"55":{"start":{"line":166,"column":8},"end":{"line":256,"column":2},"skip":true},"56":{"start":{"line":258,"column":8},"end":{"line":286,"column":9},"skip":true},"57":{"start":{"line":259,"column":12},"end":{"line":269,"column":14},"skip":true},"58":{"start":{"line":271,"column":12},"end":{"line":285,"column":19},"skip":true},"59":{"start":{"line":274,"column":20},"end":{"line":274,"column":35},"skip":true},"60":{"start":{"line":275,"column":20},"end":{"line":284,"column":21},"skip":true},"61":{"start":{"line":277,"column":24},"end":{"line":277,"column":64},"skip":true},"62":{"start":{"line":279,"column":24},"end":{"line":279,"column":40},"skip":true},"63":{"start":{"line":281,"column":24},"end":{"line":281,"column":40},"skip":true},"64":{"start":{"line":283,"column":24},"end":{"line":283,"column":39},"skip":true},"65":{"start":{"line":288,"column":8},"end":{"line":290,"column":9},"skip":true},"66":{"start":{"line":289,"column":12},"end":{"line":289,"column":18},"skip":true},"67":{"start":{"line":291,"column":8},"end":{"line":293,"column":54},"skip":true},"68":{"start":{"line":294,"column":8},"end":{"line":301,"column":37},"skip":true},"69":{"start":{"line":302,"column":8},"end":{"line":302,"column":82},"skip":true},"70":{"start":{"line":305,"column":8},"end":{"line":307,"column":9},"skip":true},"71":{"start":{"line":306,"column":12},"end":{"line":306,"column":82},"skip":true},"72":{"start":{"line":309,"column":8},"end":{"line":311,"column":9},"skip":true},"73":{"start":{"line":310,"column":12},"end":{"line":310,"column":18},"skip":true},"74":{"start":{"line":312,"column":8},"end":{"line":312,"column":54},"skip":true},"75":{"start":{"line":313,"column":8},"end":{"line":313,"column":69},"skip":true},"76":{"start":{"line":314,"column":8},"end":{"line":322,"column":36},"skip":true},"77":{"start":{"line":315,"column":12},"end":{"line":315,"column":61},"skip":true},"78":{"start":{"line":316,"column":12},"end":{"line":319,"column":13},"skip":true},"79":{"start":{"line":317,"column":16},"end":{"line":317,"column":75},"skip":true},"80":{"start":{"line":318,"column":16},"end":{"line":318,"column":23},"skip":true},"81":{"start":{"line":320,"column":12},"end":{"line":320,"column":38},"skip":true},"82":{"start":{"line":321,"column":12},"end":{"line":321,"column":27},"skip":true},"83":{"start":{"line":323,"column":8},"end":{"line":323,"column":14},"skip":true}},"branchMap":{"1":{"line":39,"type":"binary-expr","locations":[{"start":{"line":39,"column":23},"end":{"line":39,"column":62}},{"start":{"line":40,"column":20},"end":{"line":40,"column":70}},{"start":{"line":41,"column":20},"end":{"line":41,"column":71}},{"start":{"line":42,"column":20},"end":{"line":42,"column":29}}]},"2":{"line":44,"type":"binary-expr","locations":[{"start":{"line":44,"column":23},"end":{"line":44,"column":37}},{"start":{"line":45,"column":20},"end":{"line":45,"column":61}},{"start":{"line":46,"column":20},"end":{"line":46,"column":70}},{"start":{"line":47,"column":20},"end":{"line":47,"column":26}}]},"3":{"line":51,"type":"cond-expr","locations":[{"start":{"line":52,"column":14},"end":{"line":52,"column":20}},{"start":{"line":53,"column":14},"end":{"line":53,"column":20}}]},"4":{"line":55,"type":"binary-expr","locations":[{"start":{"line":55,"column":16},"end":{"line":55,"column":44}},{"start":{"line":55,"column":49},"end":{"line":57,"column":43}}]},"5":{"line":55,"type":"cond-expr","locations":[{"start":{"line":56,"column":14},"end":{"line":56,"column":50}},{"start":{"line":57,"column":14},"end":{"line":57,"column":43}}]},"6":{"line":61,"type":"switch","locations":[{"start":{"line":68,"column":4},"end":{"line":150,"column":14},"skip":true},{"start":{"line":156,"column":4},"end":{"line":323,"column":14},"skip":true}]},"7":{"line":70,"type":"if","locations":[{"start":{"line":70,"column":12},"end":{"line":70,"column":12},"skip":true},{"start":{"line":70,"column":12},"end":{"line":70,"column":12},"skip":true}]},"8":{"line":70,"type":"binary-expr","locations":[{"start":{"line":70,"column":16},"end":{"line":70,"column":22},"skip":true},{"start":{"line":70,"column":27},"end":{"line":70,"column":32},"skip":true},{"start":{"line":71,"column":20},"end":{"line":71,"column":39},"skip":true},{"start":{"line":72,"column":20},"end":{"line":72,"column":49},"skip":true},{"start":{"line":73,"column":20},"end":{"line":73,"column":58},"skip":true},{"start":{"line":74,"column":20},"end":{"line":74,"column":69},"skip":true}]},"9":{"line":79,"type":"switch","locations":[{"start":{"line":80,"column":20},"end":{"line":80,"column":33},"skip":true},{"start":{"line":81,"column":20},"end":{"line":83,"column":30},"skip":true},{"start":{"line":84,"column":20},"end":{"line":85,"column":49},"skip":true}]},"10":{"line":89,"type":"switch","locations":[{"start":{"line":90,"column":12},"end":{"line":103,"column":22},"skip":true},{"start":{"line":105,"column":12},"end":{"line":106,"column":22},"skip":true}]},"11":{"line":89,"type":"binary-expr","locations":[{"start":{"line":89,"column":20},"end":{"line":89,"column":25},"skip":true},{"start":{"line":89,"column":29},"end":{"line":89,"column":48},"skip":true},{"start":{"line":89,"column":52},"end":{"line":89,"column":74},"skip":true}]},"12":{"line":92,"type":"if","locations":[{"start":{"line":92,"column":16},"end":{"line":92,"column":16},"skip":true},{"start":{"line":92,"column":16},"end":{"line":92,"column":16},"skip":true}]},"13":{"line":108,"type":"if","locations":[{"start":{"line":108,"column":12},"end":{"line":108,"column":12},"skip":true},{"start":{"line":108,"column":12},"end":{"line":108,"column":12},"skip":true}]},"14":{"line":108,"type":"binary-expr","locations":[{"start":{"line":108,"column":16},"end":{"line":108,"column":61},"skip":true},{"start":{"line":108,"column":66},"end":{"line":108,"column":72},"skip":true},{"start":{"line":108,"column":77},"end":{"line":108,"column":82},"skip":true},{"start":{"line":109,"column":20},"end":{"line":109,"column":39},"skip":true},{"start":{"line":110,"column":20},"end":{"line":110,"column":49},"skip":true},{"start":{"line":111,"column":20},"end":{"line":111,"column":58},"skip":true},{"start":{"line":112,"column":20},"end":{"line":112,"column":68},"skip":true}]},"15":{"line":129,"type":"if","locations":[{"start":{"line":129,"column":16},"end":{"line":129,"column":16},"skip":true},{"start":{"line":129,"column":16},"end":{"line":129,"column":16},"skip":true}]},"16":{"line":134,"type":"cond-expr","locations":[{"start":{"line":135,"column":26},"end":{"line":135,"column":29},"skip":true},{"start":{"line":136,"column":26},"end":{"line":136,"column":54},"skip":true}]},"17":{"line":164,"type":"binary-expr","locations":[{"start":{"line":164,"column":27},"end":{"line":164,"column":43},"skip":true},{"start":{"line":164,"column":47},"end":{"line":164,"column":49},"skip":true}]},"18":{"line":258,"type":"if","locations":[{"start":{"line":258,"column":8},"end":{"line":258,"column":8},"skip":true},{"start":{"line":258,"column":8},"end":{"line":258,"column":8},"skip":true}]},"19":{"line":275,"type":"switch","locations":[{"start":{"line":276,"column":20},"end":{"line":277,"column":64},"skip":true},{"start":{"line":278,"column":20},"end":{"line":279,"column":40},"skip":true},{"start":{"line":280,"column":20},"end":{"line":281,"column":40},"skip":true},{"start":{"line":282,"column":20},"end":{"line":283,"column":39},"skip":true}]},"20":{"line":288,"type":"if","locations":[{"start":{"line":288,"column":8},"end":{"line":288,"column":8},"skip":true},{"start":{"line":288,"column":8},"end":{"line":288,"column":8},"skip":true}]},"21":{"line":288,"type":"binary-expr","locations":[{"start":{"line":288,"column":12},"end":{"line":288,"column":40},"skip":true},{"start":{"line":288,"column":44},"end":{"line":288,"column":67},"skip":true}]},"22":{"line":292,"type":"binary-expr","locations":[{"start":{"line":292,"column":12},"end":{"line":292,"column":50},"skip":true},{"start":{"line":293,"column":12},"end":{"line":293,"column":53},"skip":true}]},"23":{"line":295,"type":"binary-expr","locations":[{"start":{"line":295,"column":12},"end":{"line":295,"column":64},"skip":true},{"start":{"line":296,"column":12},"end":{"line":301,"column":36},"skip":true}]},"24":{"line":302,"type":"binary-expr","locations":[{"start":{"line":302,"column":43},"end":{"line":302,"column":75},"skip":true},{"start":{"line":302,"column":79},"end":{"line":302,"column":81},"skip":true}]},"25":{"line":305,"type":"if","locations":[{"start":{"line":305,"column":8},"end":{"line":305,"column":8},"skip":true},{"start":{"line":305,"column":8},"end":{"line":305,"column":8},"skip":true}]},"26":{"line":309,"type":"if","locations":[{"start":{"line":309,"column":8},"end":{"line":309,"column":8},"skip":true},{"start":{"line":309,"column":8},"end":{"line":309,"column":8},"skip":true}]},"27":{"line":312,"type":"binary-expr","locations":[{"start":{"line":312,"column":27},"end":{"line":312,"column":43},"skip":true},{"start":{"line":312,"column":47},"end":{"line":312,"column":53},"skip":true}]},"28":{"line":316,"type":"if","locations":[{"start":{"line":316,"column":12},"end":{"line":316,"column":12},"skip":true},{"start":{"line":316,"column":12},"end":{"line":316,"column":12},"skip":true}]}},"code":["/*","example.js","","quickstart example","","instruction","    1. save this script as example.js","    2. run the shell command:","        $ npm install npmtest-config && PORT=8081 node example.js","    3. play with the browser-demo on http://127.0.0.1:8081","*/","","","","/* istanbul instrument in package npmtest_config */","/*jslint","    bitwise: true,","    browser: true,","    maxerr: 8,","    maxlen: 96,","    node: true,","    nomen: true,","    regexp: true,","    stupid: true","*/","(function () {","    'use strict';","    var local;","","","","    // run shared js-env code - pre-init","    (function () {","        // init local","        local = {};","        // init modeJs","        local.modeJs = (function () {","            try {","                return typeof navigator.userAgent === 'string' &&","                    typeof document.querySelector('body') === 'object' &&","                    typeof XMLHttpRequest.prototype.open === 'function' &&","                    'browser';","            } catch (errorCaughtBrowser) {","                return module.exports &&","                    typeof process.versions.node === 'string' &&","                    typeof require('http').createServer === 'function' &&","                    'node';","            }","        }());","        // init global","        local.global = local.modeJs === 'browser'","            ? window","            : global;","        // init utility2_rollup","        local = local.global.utility2_rollup || (local.modeJs === 'browser'","            ? local.global.utility2_npmtest_config","            : global.utility2_moduleExports);","        // export local","        local.global.local = local;","    }());","    switch (local.modeJs) {","","","","    // post-init","    // run browser js-env code - post-init","    /* istanbul ignore next */","    case 'browser':","        local.testRunBrowser = function (event) {","            if (!event || (event &&","                    event.currentTarget &&","                    event.currentTarget.className &&","                    event.currentTarget.className.includes &&","                    event.currentTarget.className.includes('onreset'))) {","                // reset output","                Array.from(","                    document.querySelectorAll('body > .resettable')","                ).forEach(function (element) {","                    switch (element.tagName) {","                    case 'INPUT':","                    case 'TEXTAREA':","                        element.value = '';","                        break;","                    default:","                        element.textContent = '';","                    }","                });","            }","            switch (event && event.currentTarget && event.currentTarget.id) {","            case 'testRunButton1':","                // show tests","                if (document.querySelector('#testReportDiv1').style.display === 'none') {","                    document.querySelector('#testReportDiv1').style.display = 'block';","                    document.querySelector('#testRunButton1').textContent =","                        'hide internal test';","                    local.modeTest = true;","                    local.testRunDefault(local);","                // hide tests","                } else {","                    document.querySelector('#testReportDiv1').style.display = 'none';","                    document.querySelector('#testRunButton1').textContent = 'run internal test';","                }","                break;","            // custom-case","            default:","                break;","            }","            if (document.querySelector('#inputTextareaEval1') && (!event || (event &&","                    event.currentTarget &&","                    event.currentTarget.className &&","                    event.currentTarget.className.includes &&","                    event.currentTarget.className.includes('oneval')))) {","                // try to eval input-code","                try {","                    /*jslint evil: true*/","                    eval(document.querySelector('#inputTextareaEval1').value);","                } catch (errorCaught) {","                    console.error(errorCaught);","                }","            }","        };","        // log stderr and stdout to #outputTextareaStdout1","        ['error', 'log'].forEach(function (key) {","            console[key + '_original'] = console[key];","            console[key] = function () {","                var element;","                console[key + '_original'].apply(console, arguments);","                element = document.querySelector('#outputTextareaStdout1');","                if (!element) {","                    return;","                }","                // append text to #outputTextareaStdout1","                element.value += Array.from(arguments).map(function (arg) {","                    return typeof arg === 'string'","                        ? arg","                        : JSON.stringify(arg, null, 4);","                }).join(' ') + '\\n';","                // scroll textarea to bottom","                element.scrollTop = element.scrollHeight;","            };","        });","        // init event-handling","        ['change', 'click', 'keyup'].forEach(function (event) {","            Array.from(document.querySelectorAll('.on' + event)).forEach(function (element) {","                element.addEventListener(event, local.testRunBrowser);","            });","        });","        // run tests","        local.testRunBrowser();","        break;","","","","    // run node js-env code - post-init","    /* istanbul ignore next */","    case 'node':","        // export local","        module.exports = local;","        // require modules","        local.fs = require('fs');","        local.http = require('http');","        local.url = require('url');","        // init assets","        local.assetsDict = local.assetsDict || {};","        /* jslint-ignore-begin */","        local.assetsDict['/assets.index.template.html'] = '\\","<!doctype html>\\n\\","<html lang=\"en\">\\n\\","<head>\\n\\","<meta charset=\"UTF-8\">\\n\\","<meta name=\"viewport\" content=\"width=device-width, initial-scale=1\">\\n\\","<title>{{env.npm_package_name}} (v{{env.npm_package_version}})</title>\\n\\","<style>\\n\\","/*csslint\\n\\","    box-sizing: false,\\n\\","    universal-selector: false\\n\\","*/\\n\\","* {\\n\\","    box-sizing: border-box;\\n\\","}\\n\\","body {\\n\\","    background: #dde;\\n\\","    font-family: Arial, Helvetica, sans-serif;\\n\\","    margin: 2rem;\\n\\","}\\n\\","body > * {\\n\\","    margin-bottom: 1rem;\\n\\","}\\n\\",".utility2FooterDiv {\\n\\","    margin-top: 20px;\\n\\","    text-align: center;\\n\\","}\\n\\","</style>\\n\\","<style>\\n\\","/*csslint\\n\\","*/\\n\\","textarea {\\n\\","    font-family: monospace;\\n\\","    height: 10rem;\\n\\","    width: 100%;\\n\\","}\\n\\","textarea[readonly] {\\n\\","    background: #ddd;\\n\\","}\\n\\","</style>\\n\\","</head>\\n\\","<body>\\n\\","<!-- utility2-comment\\n\\","<div id=\"ajaxProgressDiv1\" style=\"background: #d00; height: 2px; left: 0; margin: 0; padding: 0; position: fixed; top: 0; transition: background 0.5s, width 1.5s; width: 25%;\"></div>\\n\\","utility2-comment -->\\n\\","<h1>\\n\\","<!-- utility2-comment\\n\\","    <a\\n\\","        {{#if env.npm_package_homepage}}\\n\\","        href=\"{{env.npm_package_homepage}}\"\\n\\","        {{/if env.npm_package_homepage}}\\n\\","        target=\"_blank\"\\n\\","    >\\n\\","utility2-comment -->\\n\\","        {{env.npm_package_name}} (v{{env.npm_package_version}})\\n\\","<!-- utility2-comment\\n\\","    </a>\\n\\","utility2-comment -->\\n\\","</h1>\\n\\","<h3>{{env.npm_package_description}}</h3>\\n\\","<!-- utility2-comment\\n\\","<h4><a download href=\"assets.app.js\">download standalone app</a></h4>\\n\\","<button class=\"onclick onreset\" id=\"testRunButton1\">run internal test</button><br>\\n\\","<div id=\"testReportDiv1\" style=\"display: none;\"></div>\\n\\","utility2-comment -->\\n\\","\\n\\","\\n\\","\\n\\","<label>stderr and stdout</label>\\n\\","<textarea class=\"resettable\" id=\"outputTextareaStdout1\" readonly></textarea>\\n\\","<!-- utility2-comment\\n\\","{{#if isRollup}}\\n\\","<script src=\"assets.app.js\"></script>\\n\\","{{#unless isRollup}}\\n\\","utility2-comment -->\\n\\","<script src=\"assets.utility2.rollup.js\"></script>\\n\\","<script src=\"jsonp.utility2._stateInit?callback=window.utility2._stateInit\"></script>\\n\\","<script src=\"assets.npmtest_config.rollup.js\"></script>\\n\\","<script src=\"assets.example.js\"></script>\\n\\","<script src=\"assets.test.js\"></script>\\n\\","<!-- utility2-comment\\n\\","{{/if isRollup}}\\n\\","utility2-comment -->\\n\\","<div class=\"utility2FooterDiv\">\\n\\","    [ this app was created with\\n\\","    <a href=\"https://github.com/kaizhu256/node-utility2\" target=\"_blank\">utility2</a>\\n\\","    ]\\n\\","</div>\\n\\","</body>\\n\\","</html>\\n\\","';","        /* jslint-ignore-end */","        if (local.templateRender) {","            local.assetsDict['/'] = local.templateRender(","                local.assetsDict['/assets.index.template.html'],","                {","                    env: local.objectSetDefault(local.env, {","                        npm_package_description: 'the greatest app in the world!',","                        npm_package_name: 'my-app',","                        npm_package_nameAlias: 'my_app',","                        npm_package_version: '0.0.1'","                    })","                }","            );","        } else {","            local.assetsDict['/'] = local.assetsDict['/assets.index.template.html']","                .replace((/\\{\\{env\\.(\\w+?)\\}\\}/g), function (match0, match1) {","                    // jslint-hack","                    String(match0);","                    switch (match1) {","                    case 'npm_package_description':","                        return 'the greatest app in the world!';","                    case 'npm_package_name':","                        return 'my-app';","                    case 'npm_package_nameAlias':","                        return 'my_app';","                    case 'npm_package_version':","                        return '0.0.1';","                    }","                });","        }","        // run the cli","        if (local.global.utility2_rollup || module !== require.main) {","            break;","        }","        local.assetsDict['/assets.example.js'] =","            local.assetsDict['/assets.example.js'] ||","            local.fs.readFileSync(__filename, 'utf8');","        local.assetsDict['/assets.npmtest_config.rollup.js'] =","            local.assetsDict['/assets.npmtest_config.rollup.js'] ||","            local.fs.readFileSync(","                // buildCustomOrg-hack","                local.npmtest_config.__dirname +","                    '/lib.npmtest_config.js',","                'utf8'","            ).replace((/^#!/), '//');","        local.assetsDict['/favicon.ico'] = local.assetsDict['/favicon.ico'] || '';","        // if $npm_config_timeout_exit exists,","        // then exit this process after $npm_config_timeout_exit ms","        if (Number(process.env.npm_config_timeout_exit)) {","            setTimeout(process.exit, Number(process.env.npm_config_timeout_exit));","        }","        // start server","        if (local.global.utility2_serverHttp1) {","            break;","        }","        process.env.PORT = process.env.PORT || '8081';","        console.error('server starting on port ' + process.env.PORT);","        local.http.createServer(function (request, response) {","            request.urlParsed = local.url.parse(request.url);","            if (local.assetsDict[request.urlParsed.pathname] !== undefined) {","                response.end(local.assetsDict[request.urlParsed.pathname]);","                return;","            }","            response.statusCode = 404;","            response.end();","        }).listen(process.env.PORT);","        break;","    }","}());",""],"l":{"26":2,"28":2,"33":2,"35":2,"37":2,"38":2,"39":2,"44":1,"51":2,"55":2,"59":2,"61":2,"69":1,"70":2,"76":2,"79":2,"82":2,"83":2,"85":1,"89":2,"92":1,"93":1,"94":1,"96":1,"97":1,"100":1,"101":1,"103":1,"106":1,"108":2,"114":1,"116":1,"118":1,"123":1,"124":2,"125":2,"126":2,"127":2,"128":2,"129":2,"130":1,"133":2,"134":2,"139":2,"143":1,"144":3,"145":1,"149":1,"150":1,"158":1,"160":1,"161":1,"162":1,"164":1,"166":1,"258":1,"259":1,"271":1,"274":6,"275":6,"277":1,"279":2,"281":1,"283":2,"288":1,"289":1,"291":1,"294":1,"302":1,"305":1,"306":1,"309":1,"310":1,"312":1,"313":1,"314":1,"315":1,"316":1,"317":1,"318":1,"320":1,"321":1,"323":1}},"/home/travis/build/npmtest/node-npmtest-config/config/lib/config.js":{"path":"/home/travis/build/npmtest/node-npmtest-config/config/lib/config.js","s":{"1":1,"2":1,"3":1,"4":1,"5":1,"6":25,"7":1,"8":1,"9":1,"10":1,"11":1,"12":0,"13":0,"14":0,"15":0,"16":0,"17":0,"18":1,"19":0,"20":0,"21":0,"22":0,"23":0,"24":0,"25":0,"26":0,"27":0,"28":0,"29":0,"30":0,"31":1,"32":0,"33":0,"34":0,"35":0,"36":1,"37":0,"38":0,"39":0,"40":0,"41":0,"42":0,"43":0,"44":0,"45":0,"46":0,"47":0,"48":0,"49":0,"50":0,"51":0,"52":0,"53":0,"54":0,"55":0,"56":0,"57":0,"58":0,"59":0,"60":0,"61":0,"62":0,"63":0,"64":0,"65":0,"66":0,"67":0,"68":0,"69":0,"70":0,"71":0,"72":0,"73":0,"74":0,"75":0,"76":0,"77":0,"78":0,"79":0,"80":0,"81":0,"82":0,"83":1,"84":0,"85":0,"86":0,"87":0,"88":0,"89":0,"90":0,"91":0,"92":0,"93":0,"94":0,"95":1,"96":15,"97":0,"98":15,"99":15,"100":1,"101":0,"102":0,"103":0,"104":0,"105":0,"106":0,"107":0,"108":0,"109":0,"110":0,"111":0,"112":0,"113":0,"114":1,"115":1,"116":1,"117":1,"118":1,"119":1,"120":1,"121":1,"122":0,"123":1,"124":1,"125":1,"126":1,"127":1,"128":1,"129":1,"130":1,"131":1,"132":1,"133":1,"134":0,"135":1,"136":1,"137":1,"138":1,"139":1,"140":0,"141":1,"142":1,"143":1,"144":6,"145":72,"146":72,"147":72,"148":0,"149":72,"150":0,"151":0,"152":0,"153":0,"154":1,"155":1,"156":1,"157":0,"158":0,"159":0,"160":0,"161":0,"162":1,"163":1,"164":0,"165":0,"166":0,"167":0,"168":0,"169":1,"170":1,"171":1,"172":1,"173":1,"174":1,"175":1,"176":1,"177":1,"178":1,"179":1,"180":1,"181":0,"182":0,"183":1,"184":0,"185":0,"186":0,"187":0,"188":0,"189":0,"190":0,"191":1,"192":1,"193":85,"194":85,"195":85,"196":0,"197":0,"198":85,"199":0,"200":0,"201":0,"202":0,"203":0,"204":0,"205":0,"206":0,"207":0,"208":0,"209":0,"210":0,"211":0,"212":0,"213":0,"214":0,"215":0,"216":0,"217":0,"218":0,"219":0,"220":0,"221":0,"222":0,"223":0,"224":0,"225":0,"226":0,"227":0,"228":1,"229":0,"230":0,"231":0,"232":0,"233":0,"234":0,"235":0,"236":0,"237":0,"238":0,"239":0,"240":0,"241":0,"242":0,"243":0,"244":0,"245":0,"246":0,"247":0,"248":0,"249":0,"250":0,"251":0,"252":0,"253":0,"254":0,"255":0,"256":0,"257":0,"258":0,"259":0,"260":0,"261":0,"262":0,"263":0,"264":0,"265":0,"266":0,"267":0,"268":0,"269":0,"270":0,"271":0,"272":0,"273":0,"274":0,"275":0,"276":0,"277":0,"278":0,"279":0,"280":0,"281":1,"282":2,"283":0,"284":2,"285":2,"286":2,"287":0,"288":2,"289":40,"290":15,"291":2,"292":45,"293":1,"294":2,"295":1,"296":0,"297":0,"298":0,"299":0,"300":0,"301":0,"302":0,"303":1,"304":0,"305":0,"306":0,"307":0,"308":0,"309":0,"310":0,"311":0,"312":0,"313":0,"314":0,"315":0,"316":0,"317":0,"318":0,"319":0,"320":0,"321":0,"322":0,"323":0,"324":0,"325":0,"326":0,"327":0,"328":0,"329":0,"330":0,"331":0,"332":0,"333":0,"334":0,"335":0,"336":0,"337":0,"338":0,"339":0,"340":1,"341":0,"342":0,"343":0,"344":0,"345":0,"346":0,"347":0,"348":0,"349":0,"350":1,"351":0,"352":1,"353":0,"354":0,"355":0,"356":0,"357":0,"358":0,"359":0,"360":0,"361":0,"362":0,"363":0,"364":0,"365":0,"366":0,"367":1,"368":1,"369":1,"370":12,"371":12,"372":12,"373":0,"374":0,"375":1,"376":1,"377":0,"378":0,"379":0,"380":0,"381":0,"382":0,"383":0,"384":0,"385":0,"386":0,"387":0,"388":0,"389":0,"390":0,"391":0,"392":0,"393":0,"394":0,"395":0,"396":1,"397":0,"398":0,"399":0,"400":0,"401":0,"402":0,"403":0,"404":0,"405":0,"406":0,"407":0,"408":0,"409":0,"410":0,"411":0,"412":0,"413":1,"414":4,"415":4,"416":4,"417":4,"418":4,"419":4,"420":4,"421":0,"422":4,"423":5,"424":0,"425":0,"426":0,"427":0,"428":0,"429":0,"430":0,"431":0,"432":0,"433":0,"434":0,"435":0,"436":0,"437":4,"438":1,"439":0,"440":1,"441":0,"442":0,"443":0,"444":0,"445":0,"446":0,"447":0,"448":0,"449":1,"450":45,"451":1,"452":8,"453":8,"454":8,"455":8,"456":1,"457":9,"458":9,"459":0,"460":0,"461":9,"462":1,"463":0,"464":1,"465":0,"466":0,"467":0,"468":0,"469":0,"470":1,"471":1,"472":1,"473":0,"474":1,"475":0,"476":1,"477":1,"478":1,"479":0,"480":1,"481":0,"482":1,"483":0,"484":1,"485":1,"486":1,"487":1,"488":1,"489":1,"490":1,"491":0,"492":1,"493":1,"494":17,"495":17,"496":12,"497":17,"498":0,"499":0,"500":0,"501":0,"502":0,"503":1,"504":1,"505":1,"506":1,"507":1},"b":{"1":[0,0],"2":[0,0],"3":[0,0],"4":[0,0],"5":[0,0],"6":[0,0],"7":[0,0],"8":[0,0],"9":[0,0],"10":[0,0],"11":[0,0],"12":[0,0],"13":[0,0],"14":[0,0],"15":[0,0],"16":[0,0],"17":[0,0],"18":[0,0],"19":[0,0],"20":[0,0],"21":[0,0],"22":[0,0],"23":[0,0],"24":[0,0],"25":[0,0],"26":[0,0],"27":[0,0],"28":[0,0],"29":[0,0],"30":[0,0],"31":[0,0],"32":[0,15],"33":[0,0],"34":[0,0],"35":[0,0],"36":[0,0],"37":[0,0],"38":[1,1],"39":[0,1],"40":[1,1],"41":[1,0],"42":[1,0],"43":[0,1],"44":[0,72],"45":[0,72],"46":[0,0],"47":[1,0],"48":[0,1],"49":[0,1],"50":[1,1],"51":[0,0],"52":[0,0],"53":[0,0],"54":[0,0],"55":[0,0],"56":[0,0],"57":[0,0],"58":[0,0],"59":[0,0],"60":[0,0],"61":[0,0],"62":[0,0],"63":[0,0],"64":[0,0],"65":[0,0],"66":[0,0],"67":[0,0],"68":[0,0],"69":[0,0],"70":[0,0],"71":[0,0],"72":[0,0],"73":[0,0],"74":[0,0],"75":[0,0],"76":[0,0],"77":[0,0],"78":[0,0],"79":[0,0],"80":[0,0],"81":[0,0],"82":[0,0],"83":[0,0],"84":[0,0],"85":[0,0],"86":[0,0],"87":[0,0],"88":[0,0],"89":[0,0],"90":[0,0],"91":[0,0],"92":[0,2],"93":[0,2],"94":[0,2],"95":[15,25],"96":[1,44],"97":[0,0],"98":[0,0],"99":[0,0],"100":[0,0],"101":[0,0],"102":[0,0],"103":[0,0],"104":[0,0],"105":[0,0],"106":[0,0],"107":[0,0],"108":[0,0],"109":[0,0],"110":[0,0],"111":[0,0],"112":[0,0],"113":[0,0],"114":[0,0],"115":[0,0],"116":[0,0],"117":[0,0],"118":[0,0],"119":[0,0],"120":[0,0],"121":[0,0,0],"122":[0,12],"123":[0,0],"124":[0,0],"125":[0,0],"126":[0,0],"127":[0,0],"128":[0,0],"129":[0,0],"130":[0,0],"131":[0,0],"132":[0,0],"133":[0,0],"134":[0,0],"135":[0,0],"136":[0,0],"137":[0,0],"138":[0,0,0],"139":[0,0],"140":[0,0],"141":[0,0],"142":[0,0],"143":[0,0],"144":[4,0],"145":[0,4],"146":[0,0],"147":[0,0],"148":[0,0],"149":[0,0],"150":[0,0],"151":[0,0,0],"152":[0,0],"153":[0,0],"154":[0,0],"155":[0,0],"156":[45,45,1],"157":[8,8,7],"158":[0,0],"159":[0,0],"160":[0,0],"161":[0,0],"162":[1,0],"163":[1,1,1],"164":[0,1],"165":[1,0],"166":[0,1],"167":[1,1],"168":[0,1],"169":[0,1],"170":[12,5],"171":[0,0],"172":[1,0],"173":[1,1]},"f":{"1":1,"2":0,"3":0,"4":0,"5":0,"6":0,"7":0,"8":0,"9":0,"10":0,"11":15,"12":0,"13":1,"14":1,"15":6,"16":72,"17":1,"18":1,"19":0,"20":85,"21":0,"22":2,"23":0,"24":0,"25":0,"26":0,"27":0,"28":1,"29":12,"30":0,"31":0,"32":4,"33":5,"34":0,"35":0,"36":0,"37":0,"38":0,"39":45,"40":8,"41":9,"42":0,"43":0,"44":1,"45":0,"46":0,"47":0,"48":1,"49":17,"50":0},"fnMap":{"1":{"name":"(anonymous_1)","line":113,"loc":{"start":{"line":113,"column":13},"end":{"line":113,"column":24}}},"2":{"name":"(anonymous_2)","line":143,"loc":{"start":{"line":143,"column":13},"end":{"line":143,"column":40}}},"3":{"name":"(anonymous_3)","line":172,"loc":{"start":{"line":172,"column":23},"end":{"line":172,"column":42}}},"4":{"name":"(anonymous_4)","line":214,"loc":{"start":{"line":214,"column":23},"end":{"line":214,"column":42}}},"5":{"name":"(anonymous_5)","line":247,"loc":{"start":{"line":247,"column":13},"end":{"line":247,"column":56}}},"6":{"name":"(anonymous_6)","line":273,"loc":{"start":{"line":273,"column":24},"end":{"line":273,"column":38}}},"7":{"name":"(anonymous_7)","line":291,"loc":{"start":{"line":291,"column":14},"end":{"line":291,"column":24}}},"8":{"name":"(anonymous_8)","line":302,"loc":{"start":{"line":302,"column":14},"end":{"line":302,"column":33}}},"9":{"name":"(anonymous_9)","line":327,"loc":{"start":{"line":327,"column":39},"end":{"line":327,"column":57}}},"10":{"name":"(anonymous_10)","line":391,"loc":{"start":{"line":391,"column":25},"end":{"line":391,"column":66}}},"11":{"name":"(anonymous_11)","line":462,"loc":{"start":{"line":462,"column":18},"end":{"line":462,"column":52}}},"12":{"name":"(anonymous_12)","line":517,"loc":{"start":{"line":517,"column":21},"end":{"line":517,"column":55}}},"13":{"name":"(anonymous_13)","line":572,"loc":{"start":{"line":572,"column":24},"end":{"line":572,"column":35}}},"14":{"name":"(anonymous_14)","line":636,"loc":{"start":{"line":636,"column":23},"end":{"line":636,"column":43}}},"15":{"name":"(anonymous_15)","line":691,"loc":{"start":{"line":691,"column":20},"end":{"line":691,"column":39}}},"16":{"name":"(anonymous_16)","line":692,"loc":{"start":{"line":692,"column":21},"end":{"line":692,"column":39}}},"17":{"name":"(anonymous_17)","line":763,"loc":{"start":{"line":763,"column":30},"end":{"line":763,"column":48}}},"18":{"name":"_iterate","line":767,"loc":{"start":{"line":767,"column":2},"end":{"line":767,"column":27}}},"19":{"name":"(anonymous_19)","line":780,"loc":{"start":{"line":780,"column":31},"end":{"line":780,"column":51}}},"20":{"name":"(anonymous_20)","line":826,"loc":{"start":{"line":826,"column":17},"end":{"line":826,"column":40}}},"21":{"name":"(anonymous_21)","line":954,"loc":{"start":{"line":954,"column":19},"end":{"line":954,"column":46}}},"22":{"name":"(anonymous_22)","line":1082,"loc":{"start":{"line":1082,"column":23},"end":{"line":1082,"column":49}}},"23":{"name":"cloneDeep","line":1137,"loc":{"start":{"line":1137,"column":17},"end":{"line":1137,"column":72}}},"24":{"name":"_clone","line":1152,"loc":{"start":{"line":1152,"column":2},"end":{"line":1152,"column":33}}},"25":{"name":"(anonymous_25)","line":1217,"loc":{"start":{"line":1217,"column":15},"end":{"line":1217,"column":46}}},"26":{"name":"(anonymous_26)","line":1248,"loc":{"start":{"line":1248,"column":22},"end":{"line":1248,"column":60}}},"27":{"name":"_substituteVars","line":1251,"loc":{"start":{"line":1251,"column":2},"end":{"line":1251,"column":46}}},"28":{"name":"(anonymous_28)","line":1288,"loc":{"start":{"line":1288,"column":24},"end":{"line":1288,"column":56}}},"29":{"name":"(anonymous_29)","line":1290,"loc":{"start":{"line":1290,"column":19},"end":{"line":1290,"column":38}}},"30":{"name":"(anonymous_30)","line":1311,"loc":{"start":{"line":1311,"column":18},"end":{"line":1311,"column":52}}},"31":{"name":"(anonymous_31)","line":1378,"loc":{"start":{"line":1378,"column":16},"end":{"line":1378,"column":50}}},"32":{"name":"(anonymous_32)","line":1425,"loc":{"start":{"line":1425,"column":18},"end":{"line":1425,"column":38}}},"33":{"name":"(anonymous_33)","line":1442,"loc":{"start":{"line":1442,"column":16},"end":{"line":1442,"column":36}}},"34":{"name":"(anonymous_34)","line":1490,"loc":{"start":{"line":1490,"column":25},"end":{"line":1490,"column":43}}},"35":{"name":"(anonymous_35)","line":1512,"loc":{"start":{"line":1512,"column":21},"end":{"line":1512,"column":52}}},"36":{"name":"(anonymous_36)","line":1523,"loc":{"start":{"line":1523,"column":26},"end":{"line":1523,"column":41}}},"37":{"name":"(anonymous_37)","line":1529,"loc":{"start":{"line":1529,"column":60},"end":{"line":1529,"column":83}}},"38":{"name":"(anonymous_38)","line":1555,"loc":{"start":{"line":1555,"column":42},"end":{"line":1555,"column":60}}},"39":{"name":"(anonymous_39)","line":1572,"loc":{"start":{"line":1572,"column":16},"end":{"line":1572,"column":30}}},"40":{"name":"(anonymous_40)","line":1590,"loc":{"start":{"line":1590,"column":17},"end":{"line":1590,"column":52}}},"41":{"name":"(anonymous_41)","line":1614,"loc":{"start":{"line":1614,"column":21},"end":{"line":1614,"column":42}}},"42":{"name":"(anonymous_42)","line":1639,"loc":{"start":{"line":1639,"column":14},"end":{"line":1639,"column":33}}},"43":{"name":"(anonymous_43)","line":1651,"loc":{"start":{"line":1651,"column":22},"end":{"line":1651,"column":36}}},"44":{"name":"(anonymous_44)","line":1660,"loc":{"start":{"line":1660,"column":27},"end":{"line":1660,"column":45}}},"45":{"name":"(anonymous_45)","line":1663,"loc":{"start":{"line":1663,"column":36},"end":{"line":1663,"column":51}}},"46":{"name":"(anonymous_46)","line":1669,"loc":{"start":{"line":1669,"column":46},"end":{"line":1669,"column":66}}},"47":{"name":"(anonymous_47)","line":1678,"loc":{"start":{"line":1678,"column":51},"end":{"line":1678,"column":71}}},"48":{"name":"_warnOrThrow","line":1690,"loc":{"start":{"line":1690,"column":2},"end":{"line":1690,"column":30}}},"49":{"name":"(anonymous_49)","line":1709,"loc":{"start":{"line":1709,"column":72},"end":{"line":1709,"column":90}}},"50":{"name":"(anonymous_50)","line":1718,"loc":{"start":{"line":1718,"column":30},"end":{"line":1718,"column":40}}}},"statementMap":{"1":{"start":{"line":7,"column":0},"end":{"line":22,"column":31}},"2":{"start":{"line":25,"column":0},"end":{"line":33,"column":37}},"3":{"start":{"line":113,"column":0},"end":{"line":127,"column":2}},"4":{"start":{"line":114,"column":2},"end":{"line":114,"column":15}},"5":{"start":{"line":117,"column":2},"end":{"line":119,"column":3}},"6":{"start":{"line":118,"column":4},"end":{"line":118,"column":40}},"7":{"start":{"line":122,"column":2},"end":{"line":122,"column":45}},"8":{"start":{"line":123,"column":2},"end":{"line":123,"column":26}},"9":{"start":{"line":126,"column":2},"end":{"line":126,"column":30}},"10":{"start":{"line":132,"column":0},"end":{"line":132,"column":38}},"11":{"start":{"line":143,"column":0},"end":{"line":156,"column":2}},"12":{"start":{"line":144,"column":2},"end":{"line":147,"column":27}},"13":{"start":{"line":148,"column":2},"end":{"line":150,"column":3}},"14":{"start":{"line":149,"column":4},"end":{"line":149,"column":17}},"15":{"start":{"line":152,"column":2},"end":{"line":154,"column":3}},"16":{"start":{"line":153,"column":4},"end":{"line":153,"column":21}},"17":{"start":{"line":155,"column":2},"end":{"line":155,"column":40}},"18":{"start":{"line":172,"column":0},"end":{"line":198,"column":2}},"19":{"start":{"line":173,"column":2},"end":{"line":175,"column":3}},"20":{"start":{"line":174,"column":4},"end":{"line":174,"column":74}},"21":{"start":{"line":176,"column":2},"end":{"line":177,"column":35}},"22":{"start":{"line":180,"column":2},"end":{"line":182,"column":3}},"23":{"start":{"line":181,"column":4},"end":{"line":181,"column":80}},"24":{"start":{"line":185,"column":2},"end":{"line":190,"column":3}},"25":{"start":{"line":186,"column":4},"end":{"line":188,"column":5}},"26":{"start":{"line":187,"column":6},"end":{"line":187,"column":33}},"27":{"start":{"line":189,"column":4},"end":{"line":189,"column":28}},"28":{"start":{"line":192,"column":2},"end":{"line":194,"column":3}},"29":{"start":{"line":193,"column":4},"end":{"line":193,"column":28}},"30":{"start":{"line":197,"column":2},"end":{"line":197,"column":15}},"31":{"start":{"line":214,"column":0},"end":{"line":221,"column":2}},"32":{"start":{"line":216,"column":2},"end":{"line":218,"column":3}},"33":{"start":{"line":217,"column":4},"end":{"line":217,"column":17}},"34":{"start":{"line":219,"column":2},"end":{"line":219,"column":15}},"35":{"start":{"line":220,"column":2},"end":{"line":220,"column":46}},"36":{"start":{"line":247,"column":0},"end":{"line":356,"column":2}},"37":{"start":{"line":250,"column":2},"end":{"line":250,"column":27}},"38":{"start":{"line":251,"column":2},"end":{"line":251,"column":61}},"39":{"start":{"line":254,"column":2},"end":{"line":258,"column":3}},"40":{"start":{"line":255,"column":4},"end":{"line":255,"column":111}},"41":{"start":{"line":256,"column":4},"end":{"line":256,"column":128}},"42":{"start":{"line":257,"column":4},"end":{"line":257,"column":37}},"43":{"start":{"line":261,"column":2},"end":{"line":261,"column":57}},"44":{"start":{"line":262,"column":2},"end":{"line":264,"column":3}},"45":{"start":{"line":263,"column":4},"end":{"line":263,"column":11}},"46":{"start":{"line":267,"column":2},"end":{"line":268,"column":41}},"47":{"start":{"line":268,"column":4},"end":{"line":268,"column":41}},"48":{"start":{"line":269,"column":2},"end":{"line":270,"column":47}},"49":{"start":{"line":270,"column":4},"end":{"line":270,"column":47}},"50":{"start":{"line":273,"column":2},"end":{"line":352,"column":5}},"51":{"start":{"line":276,"column":4},"end":{"line":342,"column":5}},"52":{"start":{"line":279,"column":6},"end":{"line":279,"column":64}},"53":{"start":{"line":280,"column":6},"end":{"line":281,"column":15}},"54":{"start":{"line":281,"column":8},"end":{"line":281,"column":15}},"55":{"start":{"line":284,"column":6},"end":{"line":284,"column":43}},"56":{"start":{"line":285,"column":6},"end":{"line":285,"column":30}},"57":{"start":{"line":288,"column":6},"end":{"line":340,"column":9}},"58":{"start":{"line":294,"column":10},"end":{"line":299,"column":47}},"59":{"start":{"line":296,"column":12},"end":{"line":296,"column":47}},"60":{"start":{"line":299,"column":12},"end":{"line":299,"column":47}},"61":{"start":{"line":305,"column":10},"end":{"line":305,"column":34}},"62":{"start":{"line":306,"column":10},"end":{"line":307,"column":19}},"63":{"start":{"line":307,"column":12},"end":{"line":307,"column":19}},"64":{"start":{"line":310,"column":10},"end":{"line":310,"column":50}},"65":{"start":{"line":311,"column":10},"end":{"line":312,"column":19}},"66":{"start":{"line":312,"column":12},"end":{"line":312,"column":19}},"67":{"start":{"line":315,"column":10},"end":{"line":315,"column":32}},"68":{"start":{"line":316,"column":10},"end":{"line":338,"column":11}},"69":{"start":{"line":319,"column":12},"end":{"line":322,"column":13}},"70":{"start":{"line":320,"column":14},"end":{"line":320,"column":53}},"71":{"start":{"line":321,"column":14},"end":{"line":321,"column":81}},"72":{"start":{"line":325,"column":12},"end":{"line":325,"column":55}},"73":{"start":{"line":326,"column":12},"end":{"line":326,"column":51}},"74":{"start":{"line":327,"column":12},"end":{"line":334,"column":15}},"75":{"start":{"line":328,"column":14},"end":{"line":333,"column":15}},"76":{"start":{"line":329,"column":16},"end":{"line":329,"column":53}},"77":{"start":{"line":332,"column":16},"end":{"line":332,"column":76}},"78":{"start":{"line":337,"column":12},"end":{"line":337,"column":49}},"79":{"start":{"line":345,"column":4},"end":{"line":345,"column":37}},"80":{"start":{"line":348,"column":4},"end":{"line":350,"column":5}},"81":{"start":{"line":349,"column":6},"end":{"line":349,"column":52}},"82":{"start":{"line":355,"column":2},"end":{"line":355,"column":11}},"83":{"start":{"line":391,"column":0},"end":{"line":425,"column":2}},"84":{"start":{"line":394,"column":2},"end":{"line":395,"column":53}},"85":{"start":{"line":398,"column":2},"end":{"line":403,"column":3}},"86":{"start":{"line":399,"column":4},"end":{"line":402,"column":7}},"87":{"start":{"line":404,"column":2},"end":{"line":404,"column":43}},"88":{"start":{"line":405,"column":2},"end":{"line":405,"column":74}},"89":{"start":{"line":408,"column":2},"end":{"line":408,"column":38}},"90":{"start":{"line":411,"column":2},"end":{"line":411,"column":47}},"91":{"start":{"line":414,"column":2},"end":{"line":414,"column":47}},"92":{"start":{"line":419,"column":2},"end":{"line":421,"column":3}},"93":{"start":{"line":420,"column":4},"end":{"line":420,"column":27}},"94":{"start":{"line":424,"column":2},"end":{"line":424,"column":45}},"95":{"start":{"line":462,"column":0},"end":{"line":479,"column":1}},"96":{"start":{"line":465,"column":2},"end":{"line":476,"column":3}},"97":{"start":{"line":466,"column":4},"end":{"line":468,"column":7}},"98":{"start":{"line":472,"column":4},"end":{"line":475,"column":7}},"99":{"start":{"line":478,"column":2},"end":{"line":478,"column":16}},"100":{"start":{"line":517,"column":0},"end":{"line":557,"column":2}},"101":{"start":{"line":518,"column":2},"end":{"line":518,"column":24}},"102":{"start":{"line":521,"column":2},"end":{"line":527,"column":3}},"103":{"start":{"line":522,"column":4},"end":{"line":526,"column":7}},"104":{"start":{"line":530,"column":2},"end":{"line":535,"column":3}},"105":{"start":{"line":531,"column":4},"end":{"line":531,"column":26}},"106":{"start":{"line":534,"column":4},"end":{"line":534,"column":37}},"107":{"start":{"line":538,"column":2},"end":{"line":554,"column":3}},"108":{"start":{"line":539,"column":4},"end":{"line":540,"column":37}},"109":{"start":{"line":542,"column":4},"end":{"line":553,"column":5}},"110":{"start":{"line":543,"column":6},"end":{"line":547,"column":9}},"111":{"start":{"line":550,"column":6},"end":{"line":552,"column":7}},"112":{"start":{"line":551,"column":8},"end":{"line":551,"column":34}},"113":{"start":{"line":556,"column":2},"end":{"line":556,"column":16}},"114":{"start":{"line":572,"column":0},"end":{"line":575,"column":2}},"115":{"start":{"line":573,"column":2},"end":{"line":573,"column":15}},"116":{"start":{"line":574,"column":2},"end":{"line":574,"column":32}},"117":{"start":{"line":636,"column":0},"end":{"line":760,"column":2}},"118":{"start":{"line":639,"column":2},"end":{"line":640,"column":18}},"119":{"start":{"line":643,"column":2},"end":{"line":643,"column":55}},"120":{"start":{"line":644,"column":2},"end":{"line":644,"column":100}},"121":{"start":{"line":645,"column":2},"end":{"line":647,"column":3}},"122":{"start":{"line":646,"column":4},"end":{"line":646,"column":55}},"123":{"start":{"line":648,"column":2},"end":{"line":648,"column":53}},"124":{"start":{"line":649,"column":2},"end":{"line":649,"column":32}},"125":{"start":{"line":650,"column":2},"end":{"line":650,"column":40}},"126":{"start":{"line":651,"column":2},"end":{"line":651,"column":64}},"127":{"start":{"line":654,"column":2},"end":{"line":654,"column":110}},"128":{"start":{"line":658,"column":2},"end":{"line":670,"column":3}},"129":{"start":{"line":659,"column":4},"end":{"line":659,"column":36}},"130":{"start":{"line":662,"column":4},"end":{"line":662,"column":28}},"131":{"start":{"line":664,"column":4},"end":{"line":667,"column":5}},"132":{"start":{"line":665,"column":8},"end":{"line":665,"column":31}},"133":{"start":{"line":666,"column":8},"end":{"line":666,"column":33}},"134":{"start":{"line":669,"column":4},"end":{"line":669,"column":18}},"135":{"start":{"line":673,"column":2},"end":{"line":673,"column":40}},"136":{"start":{"line":676,"column":2},"end":{"line":686,"column":3}},"137":{"start":{"line":677,"column":4},"end":{"line":677,"column":45}},"138":{"start":{"line":680,"column":4},"end":{"line":680,"column":62}},"139":{"start":{"line":683,"column":4},"end":{"line":685,"column":5}},"140":{"start":{"line":684,"column":6},"end":{"line":684,"column":58}},"141":{"start":{"line":688,"column":2},"end":{"line":688,"column":47}},"142":{"start":{"line":690,"column":2},"end":{"line":690,"column":120}},"143":{"start":{"line":691,"column":2},"end":{"line":710,"column":5}},"144":{"start":{"line":692,"column":4},"end":{"line":709,"column":7}},"145":{"start":{"line":695,"column":6},"end":{"line":695,"column":74}},"146":{"start":{"line":696,"column":6},"end":{"line":696,"column":51}},"147":{"start":{"line":697,"column":6},"end":{"line":699,"column":7}},"148":{"start":{"line":698,"column":8},"end":{"line":698,"column":43}},"149":{"start":{"line":702,"column":6},"end":{"line":708,"column":7}},"150":{"start":{"line":703,"column":8},"end":{"line":703,"column":92}},"151":{"start":{"line":704,"column":8},"end":{"line":704,"column":49}},"152":{"start":{"line":705,"column":8},"end":{"line":707,"column":9}},"153":{"start":{"line":706,"column":10},"end":{"line":706,"column":45}},"154":{"start":{"line":714,"column":2},"end":{"line":746,"column":3}},"155":{"start":{"line":715,"column":4},"end":{"line":715,"column":23}},"156":{"start":{"line":716,"column":4},"end":{"line":727,"column":5}},"157":{"start":{"line":717,"column":6},"end":{"line":721,"column":7}},"158":{"start":{"line":718,"column":8},"end":{"line":718,"column":56}},"159":{"start":{"line":720,"column":8},"end":{"line":720,"column":81}},"160":{"start":{"line":722,"column":6},"end":{"line":722,"column":41}},"161":{"start":{"line":723,"column":6},"end":{"line":726,"column":9}},"162":{"start":{"line":730,"column":4},"end":{"line":730,"column":58}},"163":{"start":{"line":731,"column":4},"end":{"line":742,"column":5}},"164":{"start":{"line":732,"column":6},"end":{"line":736,"column":7}},"165":{"start":{"line":733,"column":8},"end":{"line":733,"column":50}},"166":{"start":{"line":735,"column":8},"end":{"line":735,"column":90}},"167":{"start":{"line":737,"column":6},"end":{"line":737,"column":45}},"168":{"start":{"line":738,"column":6},"end":{"line":741,"column":9}},"169":{"start":{"line":745,"column":4},"end":{"line":745,"column":87}},"170":{"start":{"line":749,"column":2},"end":{"line":749,"column":66}},"171":{"start":{"line":750,"column":2},"end":{"line":750,"column":41}},"172":{"start":{"line":753,"column":2},"end":{"line":753,"column":64}},"173":{"start":{"line":754,"column":2},"end":{"line":754,"column":39}},"174":{"start":{"line":756,"column":2},"end":{"line":756,"column":38}},"175":{"start":{"line":759,"column":2},"end":{"line":759,"column":16}},"176":{"start":{"line":763,"column":0},"end":{"line":799,"column":1}},"177":{"start":{"line":764,"column":2},"end":{"line":764,"column":30}},"178":{"start":{"line":767,"column":2},"end":{"line":796,"column":3}},"179":{"start":{"line":770,"column":4},"end":{"line":770,"column":25}},"180":{"start":{"line":773,"column":4},"end":{"line":777,"column":5}},"181":{"start":{"line":774,"column":6},"end":{"line":776,"column":7}},"182":{"start":{"line":775,"column":8},"end":{"line":775,"column":35}},"183":{"start":{"line":780,"column":4},"end":{"line":795,"column":7}},"184":{"start":{"line":781,"column":6},"end":{"line":794,"column":7}},"185":{"start":{"line":782,"column":8},"end":{"line":782,"column":33}},"186":{"start":{"line":783,"column":13},"end":{"line":794,"column":7}},"187":{"start":{"line":784,"column":8},"end":{"line":786,"column":9}},"188":{"start":{"line":785,"column":10},"end":{"line":785,"column":38}},"189":{"start":{"line":788,"column":8},"end":{"line":793,"column":9}},"190":{"start":{"line":789,"column":10},"end":{"line":789,"column":111}},"191":{"start":{"line":798,"column":4},"end":{"line":798,"column":21}},"192":{"start":{"line":826,"column":0},"end":{"line":926,"column":2}},"193":{"start":{"line":829,"column":2},"end":{"line":833,"column":18}},"194":{"start":{"line":838,"column":2},"end":{"line":845,"column":3}},"195":{"start":{"line":839,"column":4},"end":{"line":839,"column":45}},"196":{"start":{"line":840,"column":4},"end":{"line":842,"column":5}},"197":{"start":{"line":841,"column":6},"end":{"line":841,"column":18}},"198":{"start":{"line":844,"column":4},"end":{"line":844,"column":15}},"199":{"start":{"line":848,"column":2},"end":{"line":854,"column":3}},"200":{"start":{"line":849,"column":4},"end":{"line":849,"column":65}},"201":{"start":{"line":850,"column":4},"end":{"line":850,"column":53}},"202":{"start":{"line":853,"column":4},"end":{"line":853,"column":71}},"203":{"start":{"line":857,"column":2},"end":{"line":914,"column":3}},"204":{"start":{"line":860,"column":4},"end":{"line":865,"column":5}},"205":{"start":{"line":861,"column":6},"end":{"line":864,"column":7}},"206":{"start":{"line":862,"column":8},"end":{"line":862,"column":118}},"207":{"start":{"line":863,"column":8},"end":{"line":863,"column":20}},"208":{"start":{"line":867,"column":4},"end":{"line":907,"column":5}},"209":{"start":{"line":869,"column":6},"end":{"line":869,"column":43}},"210":{"start":{"line":871,"column":9},"end":{"line":907,"column":5}},"211":{"start":{"line":875,"column":6},"end":{"line":893,"column":7}},"212":{"start":{"line":876,"column":8},"end":{"line":876,"column":20}},"213":{"start":{"line":887,"column":8},"end":{"line":887,"column":42}},"214":{"start":{"line":890,"column":8},"end":{"line":892,"column":9}},"215":{"start":{"line":891,"column":10},"end":{"line":891,"column":28}},"216":{"start":{"line":895,"column":6},"end":{"line":895,"column":43}},"217":{"start":{"line":897,"column":9},"end":{"line":907,"column":5}},"218":{"start":{"line":898,"column":6},"end":{"line":898,"column":43}},"219":{"start":{"line":901,"column":6},"end":{"line":903,"column":7}},"220":{"start":{"line":902,"column":8},"end":{"line":902,"column":24}},"221":{"start":{"line":906,"column":6},"end":{"line":906,"column":62}},"222":{"start":{"line":910,"column":4},"end":{"line":912,"column":5}},"223":{"start":{"line":911,"column":6},"end":{"line":911,"column":108}},"224":{"start":{"line":913,"column":4},"end":{"line":913,"column":79}},"225":{"start":{"line":917,"column":2},"end":{"line":923,"column":3}},"226":{"start":{"line":918,"column":4},"end":{"line":922,"column":7}},"227":{"start":{"line":925,"column":2},"end":{"line":925,"column":22}},"228":{"start":{"line":954,"column":0},"end":{"line":1061,"column":2}},"229":{"start":{"line":956,"column":2},"end":{"line":956,"column":26}},"230":{"start":{"line":959,"column":2},"end":{"line":1058,"column":3}},"231":{"start":{"line":960,"column":4},"end":{"line":973,"column":5}},"232":{"start":{"line":962,"column":6},"end":{"line":972,"column":7}},"233":{"start":{"line":964,"column":8},"end":{"line":964,"column":34}},"234":{"start":{"line":967,"column":8},"end":{"line":971,"column":21}},"235":{"start":{"line":969,"column":10},"end":{"line":969,"column":44}},"236":{"start":{"line":975,"column":4},"end":{"line":986,"column":5}},"237":{"start":{"line":976,"column":6},"end":{"line":976,"column":40}},"238":{"start":{"line":978,"column":9},"end":{"line":986,"column":5}},"239":{"start":{"line":981,"column":6},"end":{"line":981,"column":22}},"240":{"start":{"line":982,"column":6},"end":{"line":982,"column":75}},"241":{"start":{"line":985,"column":6},"end":{"line":985,"column":107}},"242":{"start":{"line":988,"column":7},"end":{"line":1058,"column":3}},"243":{"start":{"line":989,"column":4},"end":{"line":1004,"column":5}},"244":{"start":{"line":990,"column":6},"end":{"line":990,"column":41}},"245":{"start":{"line":995,"column":6},"end":{"line":997,"column":7}},"246":{"start":{"line":996,"column":8},"end":{"line":996,"column":16}},"247":{"start":{"line":999,"column":6},"end":{"line":1001,"column":7}},"248":{"start":{"line":1000,"column":8},"end":{"line":1000,"column":33}},"249":{"start":{"line":1003,"column":6},"end":{"line":1003,"column":42}},"250":{"start":{"line":1006,"column":7},"end":{"line":1058,"column":3}},"251":{"start":{"line":1008,"column":4},"end":{"line":1010,"column":5}},"252":{"start":{"line":1009,"column":6},"end":{"line":1009,"column":31}},"253":{"start":{"line":1012,"column":4},"end":{"line":1012,"column":40}},"254":{"start":{"line":1014,"column":9},"end":{"line":1058,"column":3}},"255":{"start":{"line":1016,"column":4},"end":{"line":1018,"column":5}},"256":{"start":{"line":1017,"column":6},"end":{"line":1017,"column":31}},"257":{"start":{"line":1020,"column":4},"end":{"line":1020,"column":40}},"258":{"start":{"line":1022,"column":9},"end":{"line":1058,"column":3}},"259":{"start":{"line":1024,"column":4},"end":{"line":1026,"column":5}},"260":{"start":{"line":1025,"column":6},"end":{"line":1025,"column":29}},"261":{"start":{"line":1028,"column":4},"end":{"line":1028,"column":39}},"262":{"start":{"line":1030,"column":7},"end":{"line":1058,"column":3}},"263":{"start":{"line":1031,"column":4},"end":{"line":1033,"column":5}},"264":{"start":{"line":1032,"column":6},"end":{"line":1032,"column":29}},"265":{"start":{"line":1035,"col
[...]
xtended onto object1 would"," *                  result in object2."," */","util.diffDeep = function(object1, object2, depth) {","","  // Recursion detection","  var t = this, diff = {};","  depth = (depth === null ? DEFAULT_CLONE_DEPTH : depth);","  if (depth < 0) {","    return {};","  }","","  // Process each element from object2, adding any element that's different","  // from object 1.","  for (var parm in object2) {","    var value1 = object1[parm];","    var value2 = object2[parm];","    if (value1 && value2 && util.isObject(value2)) {","      if (!(util.equalsDeep(value1, value2))) {","        diff[parm] = util.diffDeep(value1, value2, depth - 1);","      }","    }","    else if (Array.isArray(value1) && Array.isArray(value2)) {","      if(!util.equalsDeep(value1, value2)) {","        diff[parm] = value2;","      }","    }","    else if (value1 !== value2){","      diff[parm] = value2;","    }","  }","","  // Return the diff object","  return diff;","","};","","/**"," * Extend an object, and any object it contains."," *"," * This does not replace deep objects, but dives into them"," * replacing individual elements instead."," *"," * @protected"," * @method extendDeep"," * @param mergeInto {object} The object to merge into"," * @param mergeFrom... {object...} - Any number of objects to merge from"," * @param depth {integer} An optional depth to prevent recursion.  Default: 20."," * @return {object} The altered mergeInto object is returned"," */","util.extendDeep = function(mergeInto) {","","  // Initialize","  var t = this;","  var vargs = Array.prototype.slice.call(arguments, 1);","  var depth = vargs.pop();","  if (typeof(depth) != 'number') {","    vargs.push(depth);","    depth = DEFAULT_CLONE_DEPTH;","  }","","  // Recursion detection","  if (depth < 0) {","    return mergeInto;","  }","","  // Cycle through each object to extend","  vargs.forEach(function(mergeFrom) {","","    // Cycle through each element of the object to merge from","    for (var prop in mergeFrom) {","","      // save original value in deferred elements","      var fromIsDeferredFunc = mergeFrom[prop] instanceof DeferredConfig;","      var isDeferredFunc = mergeInto[prop] instanceof DeferredConfig;","","      if (fromIsDeferredFunc && mergeInto.hasOwnProperty(prop)) {","        mergeFrom[prop]._original = isDeferredFunc ? mergeInto[prop]._original : mergeInto[prop];","      }","      // Extend recursively if both elements are objects and target is not really a deferred function","      if (mergeFrom[prop] instanceof Date) {","        mergeInto[prop] = mergeFrom[prop];","      } else if (util.isObject(mergeInto[prop]) && util.isObject(mergeFrom[prop]) && !isDeferredFunc) {","        util.extendDeep(mergeInto[prop], mergeFrom[prop], depth - 1);","      }","","      // Copy recursively if the mergeFrom element is an object (or array or fn)","      else if (mergeFrom[prop] && typeof mergeFrom[prop] === 'object') {","        mergeInto[prop] = util.cloneDeep(mergeFrom[prop], depth -1);","      }","","      // Copy property descriptor otherwise, preserving accessors","      else if (Object.getOwnPropertyDescriptor(Object(mergeFrom), prop)){","          Object.defineProperty(mergeInto, prop, Object.getOwnPropertyDescriptor(Object(mergeFrom), prop));","      } else {","          mergeInto[prop] = mergeFrom[prop];","      }","    }","  });","","  // Chain","  return mergeInto;","","};","","/**"," * Strip YAML comments from the string"," *"," * The 2.0 yaml parser doesn't allow comment-only or blank lines.  Strip them."," *"," * @protected"," * @method stripYamlComments"," * @param fileString {string} The string to strip comments from"," * @return {string} The string with comments stripped."," */","util.stripYamlComments = function(fileStr) {","  // First replace removes comment-only lines","  // Second replace removes blank lines","  return fileStr.replace(/^\\s*#.*/mg,'').replace(/^\\s*[\\n|\\r]+/mg,'');","}","","/**"," * Strip all Javascript type comments from the string."," *"," * The string is usually a file loaded from the O/S, containing"," * newlines and javascript type comments."," *"," * Thanks to James Padolsey, and all who contributed to this implementation."," * http://james.padolsey.com/javascript/javascript-comment-removal-revisted/"," *"," * @protected"," * @method stripComments"," * @param fileString {string} The string to strip comments from"," * @param stringRegex {RegExp} Optional regular expression to match strings that"," *   make up the config file"," * @return {string} The string with comments stripped."," */","util.stripComments = function(fileStr, stringRegex) {","  stringRegex = stringRegex || /(['\"])(\\\\\\1|.)+?\\1/g;","","  var uid = '_' + +new Date(),","      primitives = [],","      primIndex = 0;","","  return (","    fileStr","","    /* Remove strings */","    .replace(stringRegex, function(match){","      primitives[primIndex] = match;","      return (uid + '') + primIndex++;","    })","","    /* Remove Regexes */","    .replace(/([^\\/])(\\/(?!\\*|\\/)(\\\\\\/|.)+?\\/[gim]{0,3})/g, function(match, $1, $2){","      primitives[primIndex] = $2;","      return $1 + (uid + '') + primIndex++;","    })","","    /*","    - Remove single-line comments that contain would-be multi-line delimiters","        E.g. // Comment /* <--","    - Remove multi-line comments that contain would be single-line delimiters","        E.g. /* // <--","   */","    .replace(/\\/\\/.*?\\/?\\*.+?(?=\\n|\\r|$)|\\/\\*[\\s\\S]*?\\/\\/[\\s\\S]*?\\*\\//g, '')","","    /*","    Remove single and multi-line comments,","    no consideration of inner-contents","   */","    .replace(/\\/\\/.+?(?=\\n|\\r|$)|\\/\\*[\\s\\S]+?\\*\\//g, '')","","    /*","    Remove multi-line comments that have a replaced ending (string/regex)","    Greedy, so no inner strings/regexes will stop it.","   */","    .replace(RegExp('\\\\/\\\\*[\\\\s\\\\S]+' + uid + '\\\\d+', 'g'), '')","","    /* Bring back strings & regexes */","    .replace(RegExp(uid + '(\\\\d+)', 'g'), function(match, n){","      return primitives[n];","    })","  );","","};","","/**"," * Is the specified argument a regular javascript object?"," *"," * The argument is an object if it's a JS object, but not an array."," *"," * @protected"," * @method isObject"," * @param arg {MIXED} An argument of any type."," * @return {boolean} TRUE if the arg is an object, FALSE if not"," */","util.isObject = function(obj) {","  return (obj !== null) && (typeof obj === 'object') && !(Array.isArray(obj));","};","","/**"," * <p>Initialize a parameter from the command line or process environment</p>"," *"," * <p>"," * This method looks for the parameter from the command line in the format"," * --PARAMETER=VALUE, then from the process environment, then from the"," * default specified as an argument."," * </p>"," *"," * @method initParam"," * @param paramName {String} Name of the parameter"," * @param [defaultValue] {Any} Default value of the parameter"," * @return {Any} The found value, or default value"," */","util.initParam = function (paramName, defaultValue) {","  var t = this;","","  // Record and return the value","  var value = util.getCmdLineArg(paramName) || process.env[paramName] || defaultValue;","  env[paramName] = value;","  return value;","}","","/**"," * <p>Get Command Line Arguments</p>"," *"," * <p>"," * This method allows you to retrieve the value of the specified command line argument."," * </p>"," *"," * <p>"," * The argument is case sensitive, and must be of the form '--ARG_NAME=value'"," * </p>"," *"," * @method getCmdLineArg"," * @param searchFor {STRING} The argument name to search for"," * @return {MIXED} FALSE if the argument was not found, the argument value if found"," */","util.getCmdLineArg = function (searchFor) {","    var cmdLineArgs = process.argv.slice(2, process.argv.length),","        argName = '--' + searchFor + '=';","","    for (var argvIt = 0; argvIt < cmdLineArgs.length; argvIt++) {","      if (cmdLineArgs[argvIt].indexOf(argName) === 0) {","        return cmdLineArgs[argvIt].substr(argName.length);","      }","    }","","    return false;","}","","/**"," * <p>Get a Config Environment Variable Value</p>"," *"," * <p>"," * This method returns the value of the specified config environment variable,"," * including any defaults or overrides."," * </p>"," *"," * @method getEnv"," * @param varName {STRING} The environment variable name"," * @return value {String} The value of the environment variable"," */","util.getEnv = function (varName) {","  return env[varName];","}","","","","/**"," * Returns a string of flags for regular expression `re`."," *"," * @param {RegExp} re Regular expression"," * @returns {string} Flags"," */","util.getRegExpFlags = function (re) {","  var flags = '';","  re.global && (flags += 'g');","  re.ignoreCase && (flags += 'i');","  re.multiline && (flags += 'm');","  return flags;","};","","// Run strictness checks on NODE_ENV and NODE_APP_INSTANCE and throw an error if there's a problem.","util.runStrictnessChecks = function (config) {","  var sources = config.util.getConfigSources();","","  var sourceFilenames = sources.map(function (src) {","    return Path.basename(src.name);","  });","","","  // Throw an exception if there's no explicit config file for NODE_ENV","  var anyFilesMatchEnv = sourceFilenames.some(function (filename) {","      return filename.match(NODE_ENV);","  });","  // development is special-cased because it's the default value","  if (NODE_ENV && (NODE_ENV !== 'development') && !anyFilesMatchEnv) {","    _warnOrThrow(\"NODE_ENV value of '\"+NODE_ENV+\"' did not match any deployment config file names.\");","  }","","  // Throw an exception if there's no explict config file for NODE_APP_INSTANCE","  var anyFilesMatchInstance = sourceFilenames.some(function (filename) {","      return filename.match(APP_INSTANCE);","  });","  if (APP_INSTANCE && !anyFilesMatchInstance) {","    _warnOrThrow(\"NODE_APP_INSTANCE value of '\"+APP_INSTANCE+\"' did not match any instance config file names.\");","  }","","  // Throw if NODE_ENV matches' default' or 'local'","  if ((NODE_ENV === 'default') || (NODE_ENV === 'local')) {","    _warnOrThrow(\"NODE_ENV value of '\"+NODE_ENV+\"' is ambiguous.\");","  }","","  function _warnOrThrow (msg) {","    var beStrict = process.env.NODE_CONFIG_STRICT_MODE;","    var prefix = beStrict ? 'FATAL: ' : 'WARNING: ';","    var seeURL = 'See https://github.com/lorenwest/node-config/wiki/Strict-Mode';","","    console.error(prefix+msg);","    console.error(prefix+seeURL);","","    // Accept 1 and true as truthy values. When set via process.env, Node.js casts them to strings.","    if ([\"true\", \"1\"].indexOf(beStrict) >= 0) {","      throw new Error(prefix+msg+' '+seeURL);","    }","  }","}","","// Process pre-1.0 utility names","var utilWarnings = {};","['watch', 'setModuleDefaults', 'makeHidden', 'makeImmutable', 'getConfigSources', '_loadFileConfigs',"," '_parseFile', '_attachProtoDeep', '_cloneDeep', '_equalsDeep', '_diffDeep', '_extendDeep', '_stripYamlComments',"," '_stripComments', '_isObject', '_initParam', '_getCmdLineArg'].forEach(function(oldName) {","","  // Config.util names don't have underscores","  var newName = oldName;","  if (oldName.indexOf('_') === 0) {","    newName = oldName.substr(1);","  }","","  // Build the wrapper with warning","  Config.prototype[oldName] = function(){","","    // Produce the warning","    if (!utilWarnings[oldName]) {","      console.error('WARNING: config.' + oldName + '() is deprecated.  Use config.util.' + newName + '() instead.');","      console.error('WARNING: See https://github.com/lorenwest/node-config/wiki/Future-Compatibility#upcoming-incompatibilities');","      utilWarnings[oldName] = true;","    }","","    // Forward the call","    return util[newName].apply(this, arguments);","  }","});","","","","// Instantiate and export the configuration","var config = module.exports = new Config();","","// Produce warnings if the configuration is empty","var showWarnings = !(util.initParam('SUPPRESS_NO_CONFIG_WARNING'));","if (showWarnings && Object.keys(config).length === 0) {","  console.error('WARNING: No configurations found in configuration directory:' +CONFIG_DIR);","  console.error('WARNING: To disable this warning set SUPPRESS_NO_CONFIG_WARNING in the environment.');","}",""],"l":{"7":1,"25":1,"113":1,"114":1,"117":1,"118":25,"122":1,"123":1,"126":1,"132":1,"143":1,"144":0,"148":0,"149":0,"152":0,"153":0,"155":0,"172":1,"173":0,"174":0,"176":0,"180":0,"181":0,"185":0,"186":0,"187":0,"189":0,"192":0,"193":0,"197":0,"214":1,"216":0,"217":0,"219":0,"220":0,"247":1,"250":0,"251":0,"254":0,"255":0,"256":0,"257":0,"261":0,"262":0,"263":0,"267":0,"268":0,"269":0,"270":0,"273":0,"276":0,"279":0,"280":0,"281":0,"284":0,"285":0,"288":0,"294":0,"296":0,"299":0,"305":0,"306":0,"307":0,"310":0,"311":0,"312":0,"315":0,"316":0,"319":0,"320":0,"321":0,"325":0,"326":0,"327":0,"328":0,"329":0,"332":0,"337":0,"345":0,"348":0,"349":0,"355":0,"391":1,"394":0,"398":0,"399":0,"404":0,"405":0,"408":0,"411":0,"414":0,"419":0,"420":0,"424":0,"462":1,"465":15,"466":0,"472":15,"478":15,"517":1,"518":0,"521":0,"522":0,"530":0,"531":0,"534":0,"538":0,"539":0,"542":0,"543":0,"550":0,"551":0,"556":0,"572":1,"573":1,"574":1,"636":1,"639":1,"643":1,"644":1,"645":1,"646":0,"648":1,"649":1,"650":1,"651":1,"654":1,"658":1,"659":1,"662":1,"664":1,"665":1,"666":1,"669":0,"673":1,"676":1,"677":1,"680":1,"683":1,"684":0,"688":1,"690":1,"691":1,"692":6,"695":72,"696":72,"697":72,"698":0,"702":72,"703":0,"704":0,"705":0,"706":0,"714":1,"715":1,"716":1,"717":0,"718":0,"720":0,"722":0,"723":0,"730":1,"731":1,"732":0,"733":0,"735":0,"737":0,"738":0,"745":1,"749":1,"750":1,"753":1,"754":1,"756":1,"759":1,"763":1,"764":1,"767":1,"770":1,"773":1,"774":0,"775":0,"780":1,"781":0,"782":0,"783":0,"784":0,"785":0,"788":0,"789":0,"798":1,"826":1,"829":85,"838":85,"839":85,"840":0,"841":0,"844":85,"848":0,"849":0,"850":0,"853":0,"857":0,"860":0,"861":0,"862":0,"863":0,"867":0,"869":0,"871":0,"875":0,"876":0,"887":0,"890":0,"891":0,"895":0,"897":0,"898":0,"901":0,"902":0,"906":0,"910":0,"911":0,"913":0,"917":0,"918":0,"925":0,"954":1,"956":0,"959":0,"960":0,"962":0,"964":0,"967":0,"969":0,"975":0,"976":0,"978":0,"981":0,"982":0,"985":0,"988":0,"989":0,"990":0,"995":0,"996":0,"999":0,"1000":0,"1003":0,"1006":0,"1008":0,"1009":0,"1012":0,"1014":0,"1016":0,"1017":0,"1020":0,"1022":0,"1024":0,"1025":0,"1028":0,"1030":0,"1031":0,"1032":0,"1035":0,"1036":0,"1038":0,"1041":0,"1042":0,"1043":0,"1045":0,"1046":0,"1048":0,"1049":0,"1052":0,"1053":0,"1054":0,"1055":0,"1056":0,"1060":0,"1082":1,"1083":2,"1084":0,"1088":2,"1089":2,"1090":2,"1091":0,"1096":2,"1097":40,"1098":15,"1103":2,"1104":45,"1105":1,"1110":2,"1137":1,"1140":0,"1141":0,"1143":0,"1145":0,"1146":0,"1148":0,"1149":0,"1152":1,"1154":0,"1155":0,"1157":0,"1158":0,"1160":0,"1161":0,"1162":0,"1165":0,"1166":0,"1167":0,"1168":0,"1169":0,"1170":0,"1171":0,"1172":0,"1173":0,"1174":0,"1175":0,"1177":0,"1178":0,"1181":0,"1182":0,"1184":0,"1185":0,"1187":0,"1188":0,"1191":0,"1192":0,"1193":0,"1195":0,"1196":0,"1198":0,"1202":0,"1205":0,"1217":1,"1218":0,"1219":0,"1220":0,"1222":0,"1223":0,"1226":0,"1227":0,"1228":0,"1230":0,"1248":1,"1249":0,"1251":1,"1252":0,"1253":0,"1254":0,"1255":0,"1256":0,"1259":0,"1260":0,"1261":0,"1262":0,"1264":0,"1268":0,"1269":0,"1274":0,"1275":0,"1288":1,"1289":1,"1290":1,"1291":12,"1292":12,"1293":12,"1294":0,"1295":0,"1298":1,"1311":1,"1314":0,"1315":0,"1316":0,"1317":0,"1321":0,"1322":0,"1324":0,"1325":0,"1327":0,"1328":0,"1334":0,"1335":0,"1339":0,"1342":0,"1343":0,"1344":0,"1348":0,"1349":0,"1355":0,"1378":1,"1381":0,"1382":0,"1383":0,"1384":0,"1389":0,"1390":0,"1391":0,"1392":0,"1393":0,"1394":0,"1397":0,"1398":0,"1399":0,"1402":0,"1403":0,"1408":0,"1425":1,"1428":4,"1429":4,"1430":4,"1431":4,"1432":4,"1433":4,"1437":4,"1438":0,"1442":4,"1445":5,"1448":0,"1449":0,"1451":0,"1452":0,"1455":0,"1456":0,"1457":0,"1458":0,"1462":0,"1463":0,"1467":0,"1468":0,"1470":0,"1476":4,"1490":1,"1493":0,"1512":1,"1513":0,"1515":0,"1519":0,"1524":0,"1525":0,"1530":0,"1531":0,"1556":0,"1572":1,"1573":45,"1590":1,"1591":8,"1594":8,"1595":8,"1596":8,"1614":1,"1615":9,"1618":9,"1619":0,"1620":0,"1624":9,"1639":1,"1640":0,"1651":1,"1652":0,"1653":0,"1654":0,"1655":0,"1656":0,"1660":1,"1661":1,"1663":1,"1664":0,"1669":1,"1670":0,"1673":1,"1674":1,"1678":1,"1679":0,"1681":1,"1682":0,"1686":1,"1687":0,"1690":1,"1691":1,"1692":1,"1693":1,"1695":1,"1696":1,"1699":1,"1700":0,"1706":1,"1707":1,"1712":17,"1713":17,"1714":12,"1718":17,"1721":0,"1722":0,"1723":0,"1724":0,"1728":0,"1735":1,"1738":1,"1739":1,"1740":1,"1741":1}},"/home/travis/build/npmtest/node-npmtest-config/config/defer.js":{"path":"/home/travis/build/npmtest/node-npmtest-config/config/defer.js","s":{"1":1,"2":1,"3":1,"4":0,"5":0,"6":0,"7":1,"8":1},"b":{},"f":{"1":0,"2":0,"3":0},"fnMap":{"1":{"name":"DeferredConfig","line":2,"loc":{"start":{"line":2,"column":0},"end":{"line":2,"column":27}}},"2":{"name":"(anonymous_2)","line":4,"loc":{"start":{"line":4,"column":35},"end":{"line":4,"column":63}}},"3":{"name":"deferConfig","line":7,"loc":{"start":{"line":7,"column":0},"end":{"line":7,"column":28}}}},"statementMap":{"1":{"start":{"line":2,"column":0},"end":{"line":3,"column":1}},"2":{"start":{"line":4,"column":0},"end":{"line":4,"column":66}},"3":{"start":{"line":7,"column":0},"end":{"line":11,"column":1}},"4":{"start":{"line":8,"column":2},"end":{"line":8,"column":52}},"5":{"start":{"line":9,"column":2},"end":{"line":9,"column":21}},"6":{"start":{"line":10,"column":2},"end":{"line":10,"column":13}},"7":{"start":{"line":13,"column":0},"end":{"line":13,"column":41}},"8":{"start":{"line":14,"column":0},"end":{"line":14,"column":47}}},"branchMap":{},"code":["// Create a deferredConfig prototype so that we can check for it when reviewing the configs later.","function DeferredConfig () {","}","DeferredConfig.prototype.resolve = function (config, original) {};","","// Accept a function that we'll use to resolve this value later and return a 'deferred' configuration value to resolve it later.","function deferConfig (func) {","  var obj = Object.create(DeferredConfig.prototype);","  obj.resolve = func;","  return obj;","}","","module.exports.deferConfig = deferConfig;","module.exports.DeferredConfig = DeferredConfig;",""],"l":{"2":1,"4":1,"7":1,"8":0,"9":0,"10":0,"13":1,"14":1}},"/home/travis/build/npmtest/node-npmtest-config/config/raw.js":{"path":"/home/travis/build/npmtest/node-npmtest-config/config/raw.js","s":{"1":1,"2":1,"3":0,"4":0,"5":0,"6":0,"7":1,"8":1},"b":{},"f":{"1":0,"2":0,"3":0},"fnMap":{"1":{"name":"RawConfig","line":5,"loc":{"start":{"line":5,"column":0},"end":{"line":5,"column":22}}},"2":{"name":"raw","line":8,"loc":{"start":{"line":8,"column":0},"end":{"line":8,"column":21}}},"3":{"name":"(anonymous_3)","line":10,"loc":{"start":{"line":10,"column":16},"end":{"line":10,"column":28}}}},"statementMap":{"1":{"start":{"line":5,"column":0},"end":{"line":6,"column":1}},"2":{"start":{"line":8,"column":0},"end":{"line":12,"column":1}},"3":{"start":{"line":9,"column":2},"end":{"line":9,"column":47}},"4":{"start":{"line":10,"column":2},"end":{"line":10,"column":46}},"5":{"start":{"line":10,"column":30},"end":{"line":10,"column":44}},"6":{"start":{"line":11,"column":2},"end":{"line":11,"column":13}},"7":{"start":{"line":14,"column":0},"end":{"line":14,"column":37}},"8":{"start":{"line":15,"column":0},"end":{"line":15,"column":25}}},"branchMap":{},"code":["/**"," * This is meant to wrap configuration objects that should be left as is,"," * meaning that the object or its protoype will not be modified in any way"," */","function RawConfig () {","}","","function raw(rawObj) {","  var obj = Object.create(RawConfig.prototype);","  obj.resolve = function () { return rawObj; }","  return obj;","}","","module.exports.RawConfig = RawConfig;","module.exports.raw = raw;",""],"l":{"5":1,"8":1,"9":0,"10":0,"11":0,"14":1,"15":1}}}